<?xml version="1.0" encoding="UTF-8"?>
<testsuite name="User Creation, as a user I want to register in the uTest community" tests="1" skipped="0" failures="0" errors="0" timestamp="2021-11-18T19:30:20" hostname="CHMEPH7TTXF3" time="77.302">
  <properties/>
  <testcase name="register a user in the uTest community" classname="User Creation, as a user I want to register in the uTest community" time="77.302"/>
  <system-out><![CDATA[]]></system-out>
  <system-err><![CDATA[[Test worker] WARN net.thucydides.core.steps.BaseStepListener - stepStarted: net.thucydides.core.steps.ExecutedStepDescription@172f4439
[Test worker] WARN net.thucydides.core.steps.BaseStepListener - stepStarted: net.thucydides.core.steps.ExecutedStepDescription@3c9d903a
[Test worker] WARN net.thucydides.core.steps.BaseStepListener - stepStarted: net.thucydides.core.steps.ExecutedStepDescription@79fb2e59
nov 18, 2021 2:30:20 PM org.openqa.selenium.remote.DesiredCapabilities chrome
INFORMACIÓN: Using `new ChromeOptions()` is preferred to `DesiredCapabilities.chrome()`
[Test worker] INFO net.serenitybdd.core.webdriver.driverproviders.ProvideNewDriver - Instantiating driver
[Test worker] INFO net.serenitybdd.core.webdriver.driverproviders.ProvideNewDriver - Driver capabilities: Capabilities {acceptInsecureCerts: false, browserName: chrome, chrome.switches: --start-maximized, goog:chromeOptions: {args: [--start-maximized], extensions: []}, loggingPrefs: org.openqa.selenium.logging..., platform: ANY, version: }
Starting ChromeDriver 94.0.4606.41 (333e85df3c9b656b518b5f1add5ff246365b6c24-refs/branch-heads/4606@{#845}) on port 38950
Only local connections are allowed.
Please see https://chromedriver.chromium.org/security-considerations for suggestions on keeping ChromeDriver safe.
ChromeDriver was started successfully.
[1637263824.380][WARNING]: This version of ChromeDriver has not been tested with Chrome version 95.
nov 18, 2021 2:30:24 PM org.openqa.selenium.remote.ProtocolHandshake createSession
INFORMACIÓN: Detected dialect: W3C
[Test worker] WARN net.thucydides.core.steps.BaseStepListener - stepFinished: current outcome:register a user in the uTest community:Example: {strFirstName=Julian Eduardo, strLastName=Avila Tascon, strEmail=ludev@gmail.com, strBirthMonth=March, strBirthDay=26, strBirthYear=1984, strLanguage=Spanish, strCity=Santa Marta, strZip=763022, strMobilDevice=Motorola, strModel=Moto E7 Plus, strOs=Android 10, strPassword=Choucair2021*, strPaswordConfirm=Choucair2021*, strMessage=Welcome to the world's largest community of freelance software testers!} [Given Julian enters the Join today option [Julian open up [Julian opens the Utest page]]]
[Test worker] WARN net.thucydides.core.steps.BaseStepListener - stepFinished: current outcome:register a user in the uTest community:Example: {strFirstName=Julian Eduardo, strLastName=Avila Tascon, strEmail=ludev@gmail.com, strBirthMonth=March, strBirthDay=26, strBirthYear=1984, strLanguage=Spanish, strCity=Santa Marta, strZip=763022, strMobilDevice=Motorola, strModel=Moto E7 Plus, strOs=Android 10, strPassword=Choucair2021*, strPaswordConfirm=Choucair2021*, strMessage=Welcome to the world's largest community of freelance software testers!} [Given Julian enters the Join today option [Julian open up [Julian opens the Utest page]]]
[Test worker] WARN net.thucydides.core.steps.BaseStepListener - stepStarted: net.thucydides.core.steps.ExecutedStepDescription@c343009
[Test worker] WARN net.thucydides.core.steps.BaseStepListener - stepStarted: net.thucydides.core.steps.ExecutedStepDescription@16cc094a
[Test worker] WARN net.thucydides.core.steps.BaseStepListener - stepFinished: current outcome:register a user in the uTest community:Example: {strFirstName=Julian Eduardo, strLastName=Avila Tascon, strEmail=ludev@gmail.com, strBirthMonth=March, strBirthDay=26, strBirthYear=1984, strLanguage=Spanish, strCity=Santa Marta, strZip=763022, strMobilDevice=Motorola, strModel=Moto E7 Plus, strOs=Android 10, strPassword=Choucair2021*, strPaswordConfirm=Choucair2021*, strMessage=Welcome to the world's largest community of freelance software testers!} [Given Julian enters the Join today option [Julian open up [Julian opens the Utest page], Julian sign up [Julian clicks on boton que nos muestra el formulario de inscripcion]]]
[Test worker] WARN net.thucydides.core.steps.BaseStepListener - stepFinished: current outcome:register a user in the uTest community:Example: {strFirstName=Julian Eduardo, strLastName=Avila Tascon, strEmail=ludev@gmail.com, strBirthMonth=March, strBirthDay=26, strBirthYear=1984, strLanguage=Spanish, strCity=Santa Marta, strZip=763022, strMobilDevice=Motorola, strModel=Moto E7 Plus, strOs=Android 10, strPassword=Choucair2021*, strPaswordConfirm=Choucair2021*, strMessage=Welcome to the world's largest community of freelance software testers!} [Given Julian enters the Join today option [Julian open up [Julian opens the Utest page], Julian sign up [Julian clicks on boton que nos muestra el formulario de inscripcion]]]
[Test worker] WARN net.thucydides.core.steps.BaseStepListener - stepFinished: current outcome:register a user in the uTest community:Example: {strFirstName=Julian Eduardo, strLastName=Avila Tascon, strEmail=ludev@gmail.com, strBirthMonth=March, strBirthDay=26, strBirthYear=1984, strLanguage=Spanish, strCity=Santa Marta, strZip=763022, strMobilDevice=Motorola, strModel=Moto E7 Plus, strOs=Android 10, strPassword=Choucair2021*, strPaswordConfirm=Choucair2021*, strMessage=Welcome to the world's largest community of freelance software testers!} [Given Julian enters the Join today option [Julian open up [Julian opens the Utest page], Julian sign up [Julian clicks on boton que nos muestra el formulario de inscripcion]]]
[Test worker] WARN net.thucydides.core.steps.BaseStepListener - stepStarted: net.thucydides.core.steps.ExecutedStepDescription@3b67ab66
[Test worker] WARN net.thucydides.core.steps.BaseStepListener - stepStarted: net.thucydides.core.steps.ExecutedStepDescription@12e73916
[Test worker] WARN net.thucydides.core.steps.BaseStepListener - stepStarted: net.thucydides.core.steps.ExecutedStepDescription@3b8275c2
[Test worker] WARN net.thucydides.core.steps.BaseStepListener - stepFinished: current outcome:register a user in the uTest community:Example: {strFirstName=Julian Eduardo, strLastName=Avila Tascon, strEmail=ludev@gmail.com, strBirthMonth=March, strBirthDay=26, strBirthYear=1984, strLanguage=Spanish, strCity=Santa Marta, strZip=763022, strMobilDevice=Motorola, strModel=Moto E7 Plus, strOs=Android 10, strPassword=Choucair2021*, strPaswordConfirm=Choucair2021*, strMessage=Welcome to the world's largest community of freelance software testers!} [Given Julian enters the Join today option [Julian open up [Julian opens the Utest page], Julian sign up [Julian clicks on boton que nos muestra el formulario de inscripcion]], When he fill in the form fields in Step one
| strFirstName | strLastName | strEmail | strBirthMonth | strBirthDay | strBirthYear | strLanguage |
| Julian Eduardo | Avila Tascon | ludev@gmail.com | March | 26 | 1984 | Spanish | [Julian step one [Julian enters 'Julian Eduardo' into donde se escribe el nombre]]]
[Test worker] WARN net.thucydides.core.steps.BaseStepListener - stepStarted: net.thucydides.core.steps.ExecutedStepDescription@ad01fc0
[Test worker] WARN net.thucydides.core.steps.BaseStepListener - stepFinished: current outcome:register a user in the uTest community:Example: {strFirstName=Julian Eduardo, strLastName=Avila Tascon, strEmail=ludev@gmail.com, strBirthMonth=March, strBirthDay=26, strBirthYear=1984, strLanguage=Spanish, strCity=Santa Marta, strZip=763022, strMobilDevice=Motorola, strModel=Moto E7 Plus, strOs=Android 10, strPassword=Choucair2021*, strPaswordConfirm=Choucair2021*, strMessage=Welcome to the world's largest community of freelance software testers!} [Given Julian enters the Join today option [Julian open up [Julian opens the Utest page], Julian sign up [Julian clicks on boton que nos muestra el formulario de inscripcion]], When he fill in the form fields in Step one
| strFirstName | strLastName | strEmail | strBirthMonth | strBirthDay | strBirthYear | strLanguage |
| Julian Eduardo | Avila Tascon | ludev@gmail.com | March | 26 | 1984 | Spanish | [Julian step one [Julian enters 'Julian Eduardo' into donde se escribe el nombre, Julian enters 'Avila Tascon' into donde se escribe el apellido]]]
[Test worker] WARN net.thucydides.core.steps.BaseStepListener - stepStarted: net.thucydides.core.steps.ExecutedStepDescription@182b4eeb
[Test worker] WARN net.thucydides.core.steps.BaseStepListener - stepFinished: current outcome:register a user in the uTest community:Example: {strFirstName=Julian Eduardo, strLastName=Avila Tascon, strEmail=ludev@gmail.com, strBirthMonth=March, strBirthDay=26, strBirthYear=1984, strLanguage=Spanish, strCity=Santa Marta, strZip=763022, strMobilDevice=Motorola, strModel=Moto E7 Plus, strOs=Android 10, strPassword=Choucair2021*, strPaswordConfirm=Choucair2021*, strMessage=Welcome to the world's largest community of freelance software testers!} [Given Julian enters the Join today option [Julian open up [Julian opens the Utest page], Julian sign up [Julian clicks on boton que nos muestra el formulario de inscripcion]], When he fill in the form fields in Step one
| strFirstName | strLastName | strEmail | strBirthMonth | strBirthDay | strBirthYear | strLanguage |
| Julian Eduardo | Avila Tascon | ludev@gmail.com | March | 26 | 1984 | Spanish | [Julian step one [Julian enters 'Julian Eduardo' into donde se escribe el nombre, Julian enters 'Avila Tascon' into donde se escribe el apellido, Julian enters 'ludev@gmail.com' into donde se escribe el correo electronico]]]
[Test worker] WARN net.thucydides.core.steps.BaseStepListener - stepStarted: net.thucydides.core.steps.ExecutedStepDescription@7a05d73c
[Test worker] WARN net.thucydides.core.steps.BaseStepListener - stepFinished: current outcome:register a user in the uTest community:Example: {strFirstName=Julian Eduardo, strLastName=Avila Tascon, strEmail=ludev@gmail.com, strBirthMonth=March, strBirthDay=26, strBirthYear=1984, strLanguage=Spanish, strCity=Santa Marta, strZip=763022, strMobilDevice=Motorola, strModel=Moto E7 Plus, strOs=Android 10, strPassword=Choucair2021*, strPaswordConfirm=Choucair2021*, strMessage=Welcome to the world's largest community of freelance software testers!} [Given Julian enters the Join today option [Julian open up [Julian opens the Utest page], Julian sign up [Julian clicks on boton que nos muestra el formulario de inscripcion]], When he fill in the form fields in Step one
| strFirstName | strLastName | strEmail | strBirthMonth | strBirthDay | strBirthYear | strLanguage |
| Julian Eduardo | Avila Tascon | ludev@gmail.com | March | 26 | 1984 | Spanish | [Julian step one [Julian enters 'Julian Eduardo' into donde se escribe el nombre, Julian enters 'Avila Tascon' into donde se escribe el apellido, Julian enters 'ludev@gmail.com' into donde se escribe el correo electronico, Julian select March on donde se escribe el mes de nacimiento]]]
[Test worker] WARN net.thucydides.core.steps.BaseStepListener - stepStarted: net.thucydides.core.steps.ExecutedStepDescription@869d9d7
[Test worker] WARN net.thucydides.core.steps.BaseStepListener - stepFinished: current outcome:register a user in the uTest community:Example: {strFirstName=Julian Eduardo, strLastName=Avila Tascon, strEmail=ludev@gmail.com, strBirthMonth=March, strBirthDay=26, strBirthYear=1984, strLanguage=Spanish, strCity=Santa Marta, strZip=763022, strMobilDevice=Motorola, strModel=Moto E7 Plus, strOs=Android 10, strPassword=Choucair2021*, strPaswordConfirm=Choucair2021*, strMessage=Welcome to the world's largest community of freelance software testers!} [Given Julian enters the Join today option [Julian open up [Julian opens the Utest page], Julian sign up [Julian clicks on boton que nos muestra el formulario de inscripcion]], When he fill in the form fields in Step one
| strFirstName | strLastName | strEmail | strBirthMonth | strBirthDay | strBirthYear | strLanguage |
| Julian Eduardo | Avila Tascon | ludev@gmail.com | March | 26 | 1984 | Spanish | [Julian step one [Julian enters 'Julian Eduardo' into donde se escribe el nombre, Julian enters 'Avila Tascon' into donde se escribe el apellido, Julian enters 'ludev@gmail.com' into donde se escribe el correo electronico, Julian select March on donde se escribe el mes de nacimiento, Julian select 26 on donde se escribe el dia de nacimiento]]]
[Test worker] WARN net.thucydides.core.steps.BaseStepListener - stepStarted: net.thucydides.core.steps.ExecutedStepDescription@3ff7b428
[Test worker] WARN net.thucydides.core.steps.BaseStepListener - stepFinished: current outcome:register a user in the uTest community:Example: {strFirstName=Julian Eduardo, strLastName=Avila Tascon, strEmail=ludev@gmail.com, strBirthMonth=March, strBirthDay=26, strBirthYear=1984, strLanguage=Spanish, strCity=Santa Marta, strZip=763022, strMobilDevice=Motorola, strModel=Moto E7 Plus, strOs=Android 10, strPassword=Choucair2021*, strPaswordConfirm=Choucair2021*, strMessage=Welcome to the world's largest community of freelance software testers!} [Given Julian enters the Join today option [Julian open up [Julian opens the Utest page], Julian sign up [Julian clicks on boton que nos muestra el formulario de inscripcion]], When he fill in the form fields in Step one
| strFirstName | strLastName | strEmail | strBirthMonth | strBirthDay | strBirthYear | strLanguage |
| Julian Eduardo | Avila Tascon | ludev@gmail.com | March | 26 | 1984 | Spanish | [Julian step one [Julian enters 'Julian Eduardo' into donde se escribe el nombre, Julian enters 'Avila Tascon' into donde se escribe el apellido, Julian enters 'ludev@gmail.com' into donde se escribe el correo electronico, Julian select March on donde se escribe el mes de nacimiento, Julian select 26 on donde se escribe el dia de nacimiento, Julian select 1984 on donde se escribe el aÃ±o del nacimiento]]]
[Test worker] WARN net.thucydides.core.steps.BaseStepListener - stepStarted: net.thucydides.core.steps.ExecutedStepDescription@1f103961
[Test worker] WARN net.thucydides.core.steps.BaseStepListener - stepFinished: current outcome:register a user in the uTest community:Example: {strFirstName=Julian Eduardo, strLastName=Avila Tascon, strEmail=ludev@gmail.com, strBirthMonth=March, strBirthDay=26, strBirthYear=1984, strLanguage=Spanish, strCity=Santa Marta, strZip=763022, strMobilDevice=Motorola, strModel=Moto E7 Plus, strOs=Android 10, strPassword=Choucair2021*, strPaswordConfirm=Choucair2021*, strMessage=Welcome to the world's largest community of freelance software testers!} [Given Julian enters the Join today option [Julian open up [Julian opens the Utest page], Julian sign up [Julian clicks on boton que nos muestra el formulario de inscripcion]], When he fill in the form fields in Step one
| strFirstName | strLastName | strEmail | strBirthMonth | strBirthDay | strBirthYear | strLanguage |
| Julian Eduardo | Avila Tascon | ludev@gmail.com | March | 26 | 1984 | Spanish | [Julian step one [Julian enters 'Julian Eduardo' into donde se escribe el nombre, Julian enters 'Avila Tascon' into donde se escribe el apellido, Julian enters 'ludev@gmail.com' into donde se escribe el correo electronico, Julian select March on donde se escribe el mes de nacimiento, Julian select 26 on donde se escribe el dia de nacimiento, Julian select 1984 on donde se escribe el aÃ±o del nacimiento, Julian enters 'Spanish' then hits [ENTER] into donde se escribe el idioma que habla]]]
[Test worker] WARN net.thucydides.core.steps.BaseStepListener - stepStarted: net.thucydides.core.steps.ExecutedStepDescription@6f34fcde
[Test worker] WARN net.thucydides.core.steps.BaseStepListener - stepFinished: current outcome:register a user in the uTest community:Example: {strFirstName=Julian Eduardo, strLastName=Avila Tascon, strEmail=ludev@gmail.com, strBirthMonth=March, strBirthDay=26, strBirthYear=1984, strLanguage=Spanish, strCity=Santa Marta, strZip=763022, strMobilDevice=Motorola, strModel=Moto E7 Plus, strOs=Android 10, strPassword=Choucair2021*, strPaswordConfirm=Choucair2021*, strMessage=Welcome to the world's largest community of freelance software testers!} [Given Julian enters the Join today option [Julian open up [Julian opens the Utest page], Julian sign up [Julian clicks on boton que nos muestra el formulario de inscripcion]], When he fill in the form fields in Step one
| strFirstName | strLastName | strEmail | strBirthMonth | strBirthDay | strBirthYear | strLanguage |
| Julian Eduardo | Avila Tascon | ludev@gmail.com | March | 26 | 1984 | Spanish | [Julian step one [Julian enters 'Julian Eduardo' into donde se escribe el nombre, Julian enters 'Avila Tascon' into donde se escribe el apellido, Julian enters 'ludev@gmail.com' into donde se escribe el correo electronico, Julian select March on donde se escribe el mes de nacimiento, Julian select 26 on donde se escribe el dia de nacimiento, Julian select 1984 on donde se escribe el aÃ±o del nacimiento, Julian enters 'Spanish' then hits [ENTER] into donde se escribe el idioma que habla, Julian clicks on boton que muestra el paso dos del formulario]]]
[Test worker] WARN net.thucydides.core.steps.BaseStepListener - stepFinished: current outcome:register a user in the uTest community:Example: {strFirstName=Julian Eduardo, strLastName=Avila Tascon, strEmail=ludev@gmail.com, strBirthMonth=March, strBirthDay=26, strBirthYear=1984, strLanguage=Spanish, strCity=Santa Marta, strZip=763022, strMobilDevice=Motorola, strModel=Moto E7 Plus, strOs=Android 10, strPassword=Choucair2021*, strPaswordConfirm=Choucair2021*, strMessage=Welcome to the world's largest community of freelance software testers!} [Given Julian enters the Join today option [Julian open up [Julian opens the Utest page], Julian sign up [Julian clicks on boton que nos muestra el formulario de inscripcion]], When he fill in the form fields in Step one
| strFirstName | strLastName | strEmail | strBirthMonth | strBirthDay | strBirthYear | strLanguage |
| Julian Eduardo | Avila Tascon | ludev@gmail.com | March | 26 | 1984 | Spanish | [Julian step one [Julian enters 'Julian Eduardo' into donde se escribe el nombre, Julian enters 'Avila Tascon' into donde se escribe el apellido, Julian enters 'ludev@gmail.com' into donde se escribe el correo electronico, Julian select March on donde se escribe el mes de nacimiento, Julian select 26 on donde se escribe el dia de nacimiento, Julian select 1984 on donde se escribe el aÃ±o del nacimiento, Julian enters 'Spanish' then hits [ENTER] into donde se escribe el idioma que habla, Julian clicks on boton que muestra el paso dos del formulario]]]
[Test worker] WARN net.thucydides.core.steps.BaseStepListener - stepFinished: current outcome:register a user in the uTest community:Example: {strFirstName=Julian Eduardo, strLastName=Avila Tascon, strEmail=ludev@gmail.com, strBirthMonth=March, strBirthDay=26, strBirthYear=1984, strLanguage=Spanish, strCity=Santa Marta, strZip=763022, strMobilDevice=Motorola, strModel=Moto E7 Plus, strOs=Android 10, strPassword=Choucair2021*, strPaswordConfirm=Choucair2021*, strMessage=Welcome to the world's largest community of freelance software testers!} [Given Julian enters the Join today option [Julian open up [Julian opens the Utest page], Julian sign up [Julian clicks on boton que nos muestra el formulario de inscripcion]], When he fill in the form fields in Step one
| strFirstName | strLastName | strEmail | strBirthMonth | strBirthDay | strBirthYear | strLanguage |
| Julian Eduardo | Avila Tascon | ludev@gmail.com | March | 26 | 1984 | Spanish | [Julian step one [Julian enters 'Julian Eduardo' into donde se escribe el nombre, Julian enters 'Avila Tascon' into donde se escribe el apellido, Julian enters 'ludev@gmail.com' into donde se escribe el correo electronico, Julian select March on donde se escribe el mes de nacimiento, Julian select 26 on donde se escribe el dia de nacimiento, Julian select 1984 on donde se escribe el aÃ±o del nacimiento, Julian enters 'Spanish' then hits [ENTER] into donde se escribe el idioma que habla, Julian clicks on boton que muestra el paso dos del formulario]]]
[Test worker] WARN net.thucydides.core.steps.BaseStepListener - stepStarted: net.thucydides.core.steps.ExecutedStepDescription@2c865a38
[Test worker] WARN net.thucydides.core.steps.BaseStepListener - stepStarted: net.thucydides.core.steps.ExecutedStepDescription@48273af2
[Test worker] WARN net.thucydides.core.steps.BaseStepListener - stepStarted: net.thucydides.core.steps.ExecutedStepDescription@535b3e69
[Test worker] WARN net.thucydides.core.steps.BaseStepListener - stepFinished: current outcome:register a user in the uTest community:Example: {strFirstName=Julian Eduardo, strLastName=Avila Tascon, strEmail=ludev@gmail.com, strBirthMonth=March, strBirthDay=26, strBirthYear=1984, strLanguage=Spanish, strCity=Santa Marta, strZip=763022, strMobilDevice=Motorola, strModel=Moto E7 Plus, strOs=Android 10, strPassword=Choucair2021*, strPaswordConfirm=Choucair2021*, strMessage=Welcome to the world's largest community of freelance software testers!} [Given Julian enters the Join today option [Julian open up [Julian opens the Utest page], Julian sign up [Julian clicks on boton que nos muestra el formulario de inscripcion]], When he fill in the form fields in Step one
| strFirstName | strLastName | strEmail | strBirthMonth | strBirthDay | strBirthYear | strLanguage |
| Julian Eduardo | Avila Tascon | ludev@gmail.com | March | 26 | 1984 | Spanish | [Julian step one [Julian enters 'Julian Eduardo' into donde se escribe el nombre, Julian enters 'Avila Tascon' into donde se escribe el apellido, Julian enters 'ludev@gmail.com' into donde se escribe el correo electronico, Julian select March on donde se escribe el mes de nacimiento, Julian select 26 on donde se escribe el dia de nacimiento, Julian select 1984 on donde se escribe el aÃ±o del nacimiento, Julian enters 'Spanish' then hits [ENTER] into donde se escribe el idioma que habla, Julian clicks on boton que muestra el paso dos del formulario]], And he fill in the fields in Step two
| strCity | strZip |
| Santa Marta | 763022 | [Julian step two [Julian enters 'Santa Marta' into donde se escribe el nombre de la ciudad]]]
[Test worker] WARN net.thucydides.core.steps.BaseStepListener - stepStarted: net.thucydides.core.steps.ExecutedStepDescription@67c1c122
[Test worker] WARN net.thucydides.core.steps.BaseStepListener - stepFinished: current outcome:register a user in the uTest community:Example: {strFirstName=Julian Eduardo, strLastName=Avila Tascon, strEmail=ludev@gmail.com, strBirthMonth=March, strBirthDay=26, strBirthYear=1984, strLanguage=Spanish, strCity=Santa Marta, strZip=763022, strMobilDevice=Motorola, strModel=Moto E7 Plus, strOs=Android 10, strPassword=Choucair2021*, strPaswordConfirm=Choucair2021*, strMessage=Welcome to the world's largest community of freelance software testers!} [Given Julian enters the Join today option [Julian open up [Julian opens the Utest page], Julian sign up [Julian clicks on boton que nos muestra el formulario de inscripcion]], When he fill in the form fields in Step one
| strFirstName | strLastName | strEmail | strBirthMonth | strBirthDay | strBirthYear | strLanguage |
| Julian Eduardo | Avila Tascon | ludev@gmail.com | March | 26 | 1984 | Spanish | [Julian step one [Julian enters 'Julian Eduardo' into donde se escribe el nombre, Julian enters 'Avila Tascon' into donde se escribe el apellido, Julian enters 'ludev@gmail.com' into donde se escribe el correo electronico, Julian select March on donde se escribe el mes de nacimiento, Julian select 26 on donde se escribe el dia de nacimiento, Julian select 1984 on donde se escribe el aÃ±o del nacimiento, Julian enters 'Spanish' then hits [ENTER] into donde se escribe el idioma que habla, Julian clicks on boton que muestra el paso dos del formulario]], And he fill in the fields in Step two
| strCity | strZip |
| Santa Marta | 763022 | [Julian step two [Julian enters 'Santa Marta' into donde se escribe el nombre de la ciudad, Julian enters ARROW_DOWN into donde se escribe el nombre de la ciudad]]]
[Test worker] WARN net.thucydides.core.steps.BaseStepListener - stepStarted: net.thucydides.core.steps.ExecutedStepDescription@42b12e8f
[Test worker] WARN net.thucydides.core.steps.BaseStepListener - stepFinished: current outcome:register a user in the uTest community:Example: {strFirstName=Julian Eduardo, strLastName=Avila Tascon, strEmail=ludev@gmail.com, strBirthMonth=March, strBirthDay=26, strBirthYear=1984, strLanguage=Spanish, strCity=Santa Marta, strZip=763022, strMobilDevice=Motorola, strModel=Moto E7 Plus, strOs=Android 10, strPassword=Choucair2021*, strPaswordConfirm=Choucair2021*, strMessage=Welcome to the world's largest community of freelance software testers!} [Given Julian enters the Join today option [Julian open up [Julian opens the Utest page], Julian sign up [Julian clicks on boton que nos muestra el formulario de inscripcion]], When he fill in the form fields in Step one
| strFirstName | strLastName | strEmail | strBirthMonth | strBirthDay | strBirthYear | strLanguage |
| Julian Eduardo | Avila Tascon | ludev@gmail.com | March | 26 | 1984 | Spanish | [Julian step one [Julian enters 'Julian Eduardo' into donde se escribe el nombre, Julian enters 'Avila Tascon' into donde se escribe el apellido, Julian enters 'ludev@gmail.com' into donde se escribe el correo electronico, Julian select March on donde se escribe el mes de nacimiento, Julian select 26 on donde se escribe el dia de nacimiento, Julian select 1984 on donde se escribe el aÃ±o del nacimiento, Julian enters 'Spanish' then hits [ENTER] into donde se escribe el idioma que habla, Julian clicks on boton que muestra el paso dos del formulario]], And he fill in the fields in Step two
| strCity | strZip |
| Santa Marta | 763022 | [Julian step two [Julian enters 'Santa Marta' into donde se escribe el nombre de la ciudad, Julian enters ARROW_DOWN into donde se escribe el nombre de la ciudad, Julian enters ENTER into donde se escribe el nombre de la ciudad]]]
[Test worker] WARN net.thucydides.core.steps.BaseStepListener - stepStarted: net.thucydides.core.steps.ExecutedStepDescription@1e6a3d4d
[Test worker] WARN net.thucydides.core.steps.BaseStepListener - stepFinished: current outcome:register a user in the uTest community:Example: {strFirstName=Julian Eduardo, strLastName=Avila Tascon, strEmail=ludev@gmail.com, strBirthMonth=March, strBirthDay=26, strBirthYear=1984, strLanguage=Spanish, strCity=Santa Marta, strZip=763022, strMobilDevice=Motorola, strModel=Moto E7 Plus, strOs=Android 10, strPassword=Choucair2021*, strPaswordConfirm=Choucair2021*, strMessage=Welcome to the world's largest community of freelance software testers!} [Given Julian enters the Join today option [Julian open up [Julian opens the Utest page], Julian sign up [Julian clicks on boton que nos muestra el formulario de inscripcion]], When he fill in the form fields in Step one
| strFirstName | strLastName | strEmail | strBirthMonth | strBirthDay | strBirthYear | strLanguage |
| Julian Eduardo | Avila Tascon | ludev@gmail.com | March | 26 | 1984 | Spanish | [Julian step one [Julian enters 'Julian Eduardo' into donde se escribe el nombre, Julian enters 'Avila Tascon' into donde se escribe el apellido, Julian enters 'ludev@gmail.com' into donde se escribe el correo electronico, Julian select March on donde se escribe el mes de nacimiento, Julian select 26 on donde se escribe el dia de nacimiento, Julian select 1984 on donde se escribe el aÃ±o del nacimiento, Julian enters 'Spanish' then hits [ENTER] into donde se escribe el idioma que habla, Julian clicks on boton que muestra el paso dos del formulario]], And he fill in the fields in Step two
| strCity | strZip |
| Santa Marta | 763022 | [Julian step two [Julian enters 'Santa Marta' into donde se escribe el nombre de la ciudad, Julian enters ARROW_DOWN into donde se escribe el nombre de la ciudad, Julian enters ENTER into donde se escribe el nombre de la ciudad, Julian enters '763022' into donde se escribe el codigo postal]]]
[Test worker] WARN net.thucydides.core.steps.BaseStepListener - stepStarted: net.thucydides.core.steps.ExecutedStepDescription@301cb3f4
[Test worker] WARN net.thucydides.core.steps.BaseStepListener - stepFinished: current outcome:register a user in the uTest community:Example: {strFirstName=Julian Eduardo, strLastName=Avila Tascon, strEmail=ludev@gmail.com, strBirthMonth=March, strBirthDay=26, strBirthYear=1984, strLanguage=Spanish, strCity=Santa Marta, strZip=763022, strMobilDevice=Motorola, strModel=Moto E7 Plus, strOs=Android 10, strPassword=Choucair2021*, strPaswordConfirm=Choucair2021*, strMessage=Welcome to the world's largest community of freelance software testers!} [Given Julian enters the Join today option [Julian open up [Julian opens the Utest page], Julian sign up [Julian clicks on boton que nos muestra el formulario de inscripcion]], When he fill in the form fields in Step one
| strFirstName | strLastName | strEmail | strBirthMonth | strBirthDay | strBirthYear | strLanguage |
| Julian Eduardo | Avila Tascon | ludev@gmail.com | March | 26 | 1984 | Spanish | [Julian step one [Julian enters 'Julian Eduardo' into donde se escribe el nombre, Julian enters 'Avila Tascon' into donde se escribe el apellido, Julian enters 'ludev@gmail.com' into donde se escribe el correo electronico, Julian select March on donde se escribe el mes de nacimiento, Julian select 26 on donde se escribe el dia de nacimiento, Julian select 1984 on donde se escribe el aÃ±o del nacimiento, Julian enters 'Spanish' then hits [ENTER] into donde se escribe el idioma que habla, Julian clicks on boton que muestra el paso dos del formulario]], And he fill in the fields in Step two
| strCity | strZip |
| Santa Marta | 763022 | [Julian step two [Julian enters 'Santa Marta' into donde se escribe el nombre de la ciudad, Julian enters ARROW_DOWN into donde se escribe el nombre de la ciudad, Julian enters ENTER into donde se escribe el nombre de la ciudad, Julian enters '763022' into donde se escribe el codigo postal, Julian clicks on boton que muestra el paso tres del formulario]]]
[Test worker] WARN net.thucydides.core.steps.BaseStepListener - stepFinished: current outcome:register a user in the uTest community:Example: {strFirstName=Julian Eduardo, strLastName=Avila Tascon, strEmail=ludev@gmail.com, strBirthMonth=March, strBirthDay=26, strBirthYear=1984, strLanguage=Spanish, strCity=Santa Marta, strZip=763022, strMobilDevice=Motorola, strModel=Moto E7 Plus, strOs=Android 10, strPassword=Choucair2021*, strPaswordConfirm=Choucair2021*, strMessage=Welcome to the world's largest community of freelance software testers!} [Given Julian enters the Join today option [Julian open up [Julian opens the Utest page], Julian sign up [Julian clicks on boton que nos muestra el formulario de inscripcion]], When he fill in the form fields in Step one
| strFirstName | strLastName | strEmail | strBirthMonth | strBirthDay | strBirthYear | strLanguage |
| Julian Eduardo | Avila Tascon | ludev@gmail.com | March | 26 | 1984 | Spanish | [Julian step one [Julian enters 'Julian Eduardo' into donde se escribe el nombre, Julian enters 'Avila Tascon' into donde se escribe el apellido, Julian enters 'ludev@gmail.com' into donde se escribe el correo electronico, Julian select March on donde se escribe el mes de nacimiento, Julian select 26 on donde se escribe el dia de nacimiento, Julian select 1984 on donde se escribe el aÃ±o del nacimiento, Julian enters 'Spanish' then hits [ENTER] into donde se escribe el idioma que habla, Julian clicks on boton que muestra el paso dos del formulario]], And he fill in the fields in Step two
| strCity | strZip |
| Santa Marta | 763022 | [Julian step two [Julian enters 'Santa Marta' into donde se escribe el nombre de la ciudad, Julian enters ARROW_DOWN into donde se escribe el nombre de la ciudad, Julian enters ENTER into donde se escribe el nombre de la ciudad, Julian enters '763022' into donde se escribe el codigo postal, Julian clicks on boton que muestra el paso tres del formulario]]]
[Test worker] WARN net.thucydides.core.steps.BaseStepListener - stepFinished: current outcome:register a user in the uTest community:Example: {strFirstName=Julian Eduardo, strLastName=Avila Tascon, strEmail=ludev@gmail.com, strBirthMonth=March, strBirthDay=26, strBirthYear=1984, strLanguage=Spanish, strCity=Santa Marta, strZip=763022, strMobilDevice=Motorola, strModel=Moto E7 Plus, strOs=Android 10, strPassword=Choucair2021*, strPaswordConfirm=Choucair2021*, strMessage=Welcome to the world's largest community of freelance software testers!} [Given Julian enters the Join today option [Julian open up [Julian opens the Utest page], Julian sign up [Julian clicks on boton que nos muestra el formulario de inscripcion]], When he fill in the form fields in Step one
| strFirstName | strLastName | strEmail | strBirthMonth | strBirthDay | strBirthYear | strLanguage |
| Julian Eduardo | Avila Tascon | ludev@gmail.com | March | 26 | 1984 | Spanish | [Julian step one [Julian enters 'Julian Eduardo' into donde se escribe el nombre, Julian enters 'Avila Tascon' into donde se escribe el apellido, Julian enters 'ludev@gmail.com' into donde se escribe el correo electronico, Julian select March on donde se escribe el mes de nacimiento, Julian select 26 on donde se escribe el dia de nacimiento, Julian select 1984 on donde se escribe el aÃ±o del nacimiento, Julian enters 'Spanish' then hits [ENTER] into donde se escribe el idioma que habla, Julian clicks on boton que muestra el paso dos del formulario]], And he fill in the fields in Step two
| strCity | strZip |
| Santa Marta | 763022 | [Julian step two [Julian enters 'Santa Marta' into donde se escribe el nombre de la ciudad, Julian enters ARROW_DOWN into donde se escribe el nombre de la ciudad, Julian enters ENTER into donde se escribe el nombre de la ciudad, Julian enters '763022' into donde se escribe el codigo postal, Julian clicks on boton que muestra el paso tres del formulario]]]
[Test worker] WARN net.thucydides.core.steps.BaseStepListener - stepStarted: net.thucydides.core.steps.ExecutedStepDescription@ade71c6
[Test worker] WARN net.thucydides.core.steps.BaseStepListener - stepStarted: net.thucydides.core.steps.ExecutedStepDescription@3d07ce86
[Test worker] WARN net.thucydides.core.steps.BaseStepListener - stepStarted: net.thucydides.core.steps.ExecutedStepDescription@7657f951
[Test worker] WARN net.thucydides.core.steps.BaseStepListener - stepFinished: current outcome:register a user in the uTest community:Example: {strFirstName=Julian Eduardo, strLastName=Avila Tascon, strEmail=ludev@gmail.com, strBirthMonth=March, strBirthDay=26, strBirthYear=1984, strLanguage=Spanish, strCity=Santa Marta, strZip=763022, strMobilDevice=Motorola, strModel=Moto E7 Plus, strOs=Android 10, strPassword=Choucair2021*, strPaswordConfirm=Choucair2021*, strMessage=Welcome to the world's largest community of freelance software testers!} [Given Julian enters the Join today option [Julian open up [Julian opens the Utest page], Julian sign up [Julian clicks on boton que nos muestra el formulario de inscripcion]], When he fill in the form fields in Step one
| strFirstName | strLastName | strEmail | strBirthMonth | strBirthDay | strBirthYear | strLanguage |
| Julian Eduardo | Avila Tascon | ludev@gmail.com | March | 26 | 1984 | Spanish | [Julian step one [Julian enters 'Julian Eduardo' into donde se escribe el nombre, Julian enters 'Avila Tascon' into donde se escribe el apellido, Julian enters 'ludev@gmail.com' into donde se escribe el correo electronico, Julian select March on donde se escribe el mes de nacimiento, Julian select 26 on donde se escribe el dia de nacimiento, Julian select 1984 on donde se escribe el aÃ±o del nacimiento, Julian enters 'Spanish' then hits [ENTER] into donde se escribe el idioma que habla, Julian clicks on boton que muestra el paso dos del formulario]], And he fill in the fields in Step two
| strCity | strZip |
| Santa Marta | 763022 | [Julian step two [Julian enters 'Santa Marta' into donde se escribe el nombre de la ciudad, Julian enters ARROW_DOWN into donde se escribe el nombre de la ciudad, Julian enters ENTER into donde se escribe el nombre de la ciudad, Julian enters '763022' into donde se escribe el codigo postal, Julian clicks on boton que muestra el paso tres del formulario]], And he fill in the fields in Step three
| strMobilDevice | strModel | strOs |
| Motorola | Moto E7 Plus | Android 10 | [Julian step three [Julian clicks on donde se selecciona la lista de marcas dispositivos movil]]]
[Test worker] WARN net.thucydides.core.steps.BaseStepListener - stepStarted: net.thucydides.core.steps.ExecutedStepDescription@205433e6
[Test worker] WARN net.thucydides.core.steps.BaseStepListener - stepFinished: current outcome:register a user in the uTest community:Example: {strFirstName=Julian Eduardo, strLastName=Avila Tascon, strEmail=ludev@gmail.com, strBirthMonth=March, strBirthDay=26, strBirthYear=1984, strLanguage=Spanish, strCity=Santa Marta, strZip=763022, strMobilDevice=Motorola, strModel=Moto E7 Plus, strOs=Android 10, strPassword=Choucair2021*, strPaswordConfirm=Choucair2021*, strMessage=Welcome to the world's largest community of freelance software testers!} [Given Julian enters the Join today option [Julian open up [Julian opens the Utest page], Julian sign up [Julian clicks on boton que nos muestra el formulario de inscripcion]], When he fill in the form fields in Step one
| strFirstName | strLastName | strEmail | strBirthMonth | strBirthDay | strBirthYear | strLanguage |
| Julian Eduardo | Avila Tascon | ludev@gmail.com | March | 26 | 1984 | Spanish | [Julian step one [Julian enters 'Julian Eduardo' into donde se escribe el nombre, Julian enters 'Avila Tascon' into donde se escribe el apellido, Julian enters 'ludev@gmail.com' into donde se escribe el correo electronico, Julian select March on donde se escribe el mes de nacimiento, Julian select 26 on donde se escribe el dia de nacimiento, Julian select 1984 on donde se escribe el aÃ±o del nacimiento, Julian enters 'Spanish' then hits [ENTER] into donde se escribe el idioma que habla, Julian clicks on boton que muestra el paso dos del formulario]], And he fill in the fields in Step two
| strCity | strZip |
| Santa Marta | 763022 | [Julian step two [Julian enters 'Santa Marta' into donde se escribe el nombre de la ciudad, Julian enters ARROW_DOWN into donde se escribe el nombre de la ciudad, Julian enters ENTER into donde se escribe el nombre de la ciudad, Julian enters '763022' into donde se escribe el codigo postal, Julian clicks on boton que muestra el paso tres del formulario]], And he fill in the fields in Step three
| strMobilDevice | strModel | strOs |
| Motorola | Moto E7 Plus | Android 10 | [Julian step three [Julian clicks on donde se selecciona la lista de marcas dispositivos movil, Julian enters 'Motorola' then hits [ENTER] into donde se escribe el nombre de la marca del dispositivo movil]]]
[Test worker] WARN net.thucydides.core.steps.BaseStepListener - stepStarted: net.thucydides.core.steps.ExecutedStepDescription@66e8fbf1
[Test worker] WARN net.thucydides.core.steps.BaseStepListener - stepFinished: current outcome:register a user in the uTest community:Example: {strFirstName=Julian Eduardo, strLastName=Avila Tascon, strEmail=ludev@gmail.com, strBirthMonth=March, strBirthDay=26, strBirthYear=1984, strLanguage=Spanish, strCity=Santa Marta, strZip=763022, strMobilDevice=Motorola, strModel=Moto E7 Plus, strOs=Android 10, strPassword=Choucair2021*, strPaswordConfirm=Choucair2021*, strMessage=Welcome to the world's largest community of freelance software testers!} [Given Julian enters the Join today option [Julian open up [Julian opens the Utest page], Julian sign up [Julian clicks on boton que nos muestra el formulario de inscripcion]], When he fill in the form fields in Step one
| strFirstName | strLastName | strEmail | strBirthMonth | strBirthDay | strBirthYear | strLanguage |
| Julian Eduardo | Avila Tascon | ludev@gmail.com | March | 26 | 1984 | Spanish | [Julian step one [Julian enters 'Julian Eduardo' into donde se escribe el nombre, Julian enters 'Avila Tascon' into donde se escribe el apellido, Julian enters 'ludev@gmail.com' into donde se escribe el correo electronico, Julian select March on donde se escribe el mes de nacimiento, Julian select 26 on donde se escribe el dia de nacimiento, Julian select 1984 on donde se escribe el aÃ±o del nacimiento, Julian enters 'Spanish' then hits [ENTER] into donde se escribe el idioma que habla, Julian clicks on boton que muestra el paso dos del formulario]], And he fill in the fields in Step two
| strCity | strZip |
| Santa Marta | 763022 | [Julian step two [Julian enters 'Santa Marta' into donde se escribe el nombre de la ciudad, Julian enters ARROW_DOWN into donde se escribe el nombre de la ciudad, Julian enters ENTER into donde se escribe el nombre de la ciudad, Julian enters '763022' into donde se escribe el codigo postal, Julian clicks on boton que muestra el paso tres del formulario]], And he fill in the fields in Step three
| strMobilDevice | strModel | strOs |
| Motorola | Moto E7 Plus | Android 10 | [Julian step three [Julian clicks on donde se selecciona la lista de marcas dispositivos movil, Julian enters 'Motorola' then hits [ENTER] into donde se escribe el nombre de la marca del dispositivo movil, Julian clicks on donde selecciona el modelo del dispositivo movil]]]
[Test worker] WARN net.thucydides.core.steps.BaseStepListener - stepStarted: net.thucydides.core.steps.ExecutedStepDescription@7f8fb49f
[Test worker] WARN net.thucydides.core.steps.BaseStepListener - stepFinished: current outcome:register a user in the uTest community:Example: {strFirstName=Julian Eduardo, strLastName=Avila Tascon, strEmail=ludev@gmail.com, strBirthMonth=March, strBirthDay=26, strBirthYear=1984, strLanguage=Spanish, strCity=Santa Marta, strZip=763022, strMobilDevice=Motorola, strModel=Moto E7 Plus, strOs=Android 10, strPassword=Choucair2021*, strPaswordConfirm=Choucair2021*, strMessage=Welcome to the world's largest community of freelance software testers!} [Given Julian enters the Join today option [Julian open up [Julian opens the Utest page], Julian sign up [Julian clicks on boton que nos muestra el formulario de inscripcion]], When he fill in the form fields in Step one
| strFirstName | strLastName | strEmail | strBirthMonth | strBirthDay | strBirthYear | strLanguage |
| Julian Eduardo | Avila Tascon | ludev@gmail.com | March | 26 | 1984 | Spanish | [Julian step one [Julian enters 'Julian Eduardo' into donde se escribe el nombre, Julian enters 'Avila Tascon' into donde se escribe el apellido, Julian enters 'ludev@gmail.com' into donde se escribe el correo electronico, Julian select March on donde se escribe el mes de nacimiento, Julian select 26 on donde se escribe el dia de nacimiento, Julian select 1984 on donde se escribe el aÃ±o del nacimiento, Julian enters 'Spanish' then hits [ENTER] into donde se escribe el idioma que habla, Julian clicks on boton que muestra el paso dos del formulario]], And he fill in the fields in Step two
| strCity | strZip |
| Santa Marta | 763022 | [Julian step two [Julian enters 'Santa Marta' into donde se escribe el nombre de la ciudad, Julian enters ARROW_DOWN into donde se escribe el nombre de la ciudad, Julian enters ENTER into donde se escribe el nombre de la ciudad, Julian enters '763022' into donde se escribe el codigo postal, Julian clicks on boton que muestra el paso tres del formulario]], And he fill in the fields in Step three
| strMobilDevice | strModel | strOs |
| Motorola | Moto E7 Plus | Android 10 | [Julian step three [Julian clicks on donde se selecciona la lista de marcas dispositivos movil, Julian enters 'Motorola' then hits [ENTER] into donde se escribe el nombre de la marca del dispositivo movil, Julian clicks on donde selecciona el modelo del dispositivo movil, Julian enters 'Moto E7 Plus' then hits [ENTER] into donde se escribe el modelo del dispositivo movil]]]
[Test worker] WARN net.thucydides.core.steps.BaseStepListener - stepStarted: net.thucydides.core.steps.ExecutedStepDescription@7daccd2a
[Test worker] WARN net.thucydides.core.steps.BaseStepListener - stepFinished: current outcome:register a user in the uTest community:Example: {strFirstName=Julian Eduardo, strLastName=Avila Tascon, strEmail=ludev@gmail.com, strBirthMonth=March, strBirthDay=26, strBirthYear=1984, strLanguage=Spanish, strCity=Santa Marta, strZip=763022, strMobilDevice=Motorola, strModel=Moto E7 Plus, strOs=Android 10, strPassword=Choucair2021*, strPaswordConfirm=Choucair2021*, strMessage=Welcome to the world's largest community of freelance software testers!} [Given Julian enters the Join today option [Julian open up [Julian opens the Utest page], Julian sign up [Julian clicks on boton que nos muestra el formulario de inscripcion]], When he fill in the form fields in Step one
| strFirstName | strLastName | strEmail | strBirthMonth | strBirthDay | strBirthYear | strLanguage |
| Julian Eduardo | Avila Tascon | ludev@gmail.com | March | 26 | 1984 | Spanish | [Julian step one [Julian enters 'Julian Eduardo' into donde se escribe el nombre, Julian enters 'Avila Tascon' into donde se escribe el apellido, Julian enters 'ludev@gmail.com' into donde se escribe el correo electronico, Julian select March on donde se escribe el mes de nacimiento, Julian select 26 on donde se escribe el dia de nacimiento, Julian select 1984 on donde se escribe el aÃ±o del nacimiento, Julian enters 'Spanish' then hits [ENTER] into donde se escribe el idioma que habla, Julian clicks on boton que muestra el paso dos del formulario]], And he fill in the fields in Step two
| strCity | strZip |
| Santa Marta | 763022 | [Julian step two [Julian enters 'Santa Marta' into donde se escribe el nombre de la ciudad, Julian enters ARROW_DOWN into donde se escribe el nombre de la ciudad, Julian enters ENTER into donde se escribe el nombre de la ciudad, Julian enters '763022' into donde se escribe el codigo postal, Julian clicks on boton que muestra el paso tres del formulario]], And he fill in the fields in Step three
| strMobilDevice | strModel | strOs |
| Motorola | Moto E7 Plus | Android 10 | [Julian step three [Julian clicks on donde se selecciona la lista de marcas dispositivos movil, Julian enters 'Motorola' then hits [ENTER] into donde se escribe el nombre de la marca del dispositivo movil, Julian clicks on donde selecciona el modelo del dispositivo movil, Julian enters 'Moto E7 Plus' then hits [ENTER] into donde se escribe el modelo del dispositivo movil, Julian clicks on donde selecciona el nombre del Sistema Operativo]]]
[Test worker] WARN net.thucydides.core.steps.BaseStepListener - stepStarted: net.thucydides.core.steps.ExecutedStepDescription@21154cbb
[Test worker] WARN net.thucydides.core.steps.BaseStepListener - stepFinished: current outcome:register a user in the uTest community:Example: {strFirstName=Julian Eduardo, strLastName=Avila Tascon, strEmail=ludev@gmail.com, strBirthMonth=March, strBirthDay=26, strBirthYear=1984, strLanguage=Spanish, strCity=Santa Marta, strZip=763022, strMobilDevice=Motorola, strModel=Moto E7 Plus, strOs=Android 10, strPassword=Choucair2021*, strPaswordConfirm=Choucair2021*, strMessage=Welcome to the world's largest community of freelance software testers!} [Given Julian enters the Join today option [Julian open up [Julian opens the Utest page], Julian sign up [Julian clicks on boton que nos muestra el formulario de inscripcion]], When he fill in the form fields in Step one
| strFirstName | strLastName | strEmail | strBirthMonth | strBirthDay | strBirthYear | strLanguage |
| Julian Eduardo | Avila Tascon | ludev@gmail.com | March | 26 | 1984 | Spanish | [Julian step one [Julian enters 'Julian Eduardo' into donde se escribe el nombre, Julian enters 'Avila Tascon' into donde se escribe el apellido, Julian enters 'ludev@gmail.com' into donde se escribe el correo electronico, Julian select March on donde se escribe el mes de nacimiento, Julian select 26 on donde se escribe el dia de nacimiento, Julian select 1984 on donde se escribe el aÃ±o del nacimiento, Julian enters 'Spanish' then hits [ENTER] into donde se escribe el idioma que habla, Julian clicks on boton que muestra el paso dos del formulario]], And he fill in the fields in Step two
| strCity | strZip |
| Santa Marta | 763022 | [Julian step two [Julian enters 'Santa Marta' into donde se escribe el nombre de la ciudad, Julian enters ARROW_DOWN into donde se escribe el nombre de la ciudad, Julian enters ENTER into donde se escribe el nombre de la ciudad, Julian enters '763022' into donde se escribe el codigo postal, Julian clicks on boton que muestra el paso tres del formulario]], And he fill in the fields in Step three
| strMobilDevice | strModel | strOs |
| Motorola | Moto E7 Plus | Android 10 | [Julian step three [Julian clicks on donde se selecciona la lista de marcas dispositivos movil, Julian enters 'Motorola' then hits [ENTER] into donde se escribe el nombre de la marca del dispositivo movil, Julian clicks on donde selecciona el modelo del dispositivo movil, Julian enters 'Moto E7 Plus' then hits [ENTER] into donde se escribe el modelo del dispositivo movil, Julian clicks on donde selecciona el nombre del Sistema Operativo, Julian enters 'Android 10' then hits [ENTER] into donde se escribe el nombre del Sistema Operativo]]]
[Test worker] WARN net.thucydides.core.steps.BaseStepListener - stepStarted: net.thucydides.core.steps.ExecutedStepDescription@66b16234
[Test worker] WARN net.thucydides.core.steps.BaseStepListener - stepFinished: current outcome:register a user in the uTest community:Example: {strFirstName=Julian Eduardo, strLastName=Avila Tascon, strEmail=ludev@gmail.com, strBirthMonth=March, strBirthDay=26, strBirthYear=1984, strLanguage=Spanish, strCity=Santa Marta, strZip=763022, strMobilDevice=Motorola, strModel=Moto E7 Plus, strOs=Android 10, strPassword=Choucair2021*, strPaswordConfirm=Choucair2021*, strMessage=Welcome to the world's largest community of freelance software testers!} [Given Julian enters the Join today option [Julian open up [Julian opens the Utest page], Julian sign up [Julian clicks on boton que nos muestra el formulario de inscripcion]], When he fill in the form fields in Step one
| strFirstName | strLastName | strEmail | strBirthMonth | strBirthDay | strBirthYear | strLanguage |
| Julian Eduardo | Avila Tascon | ludev@gmail.com | March | 26 | 1984 | Spanish | [Julian step one [Julian enters 'Julian Eduardo' into donde se escribe el nombre, Julian enters 'Avila Tascon' into donde se escribe el apellido, Julian enters 'ludev@gmail.com' into donde se escribe el correo electronico, Julian select March on donde se escribe el mes de nacimiento, Julian select 26 on donde se escribe el dia de nacimiento, Julian select 1984 on donde se escribe el aÃ±o del nacimiento, Julian enters 'Spanish' then hits [ENTER] into donde se escribe el idioma que habla, Julian clicks on boton que muestra el paso dos del formulario]], And he fill in the fields in Step two
| strCity | strZip |
| Santa Marta | 763022 | [Julian step two [Julian enters 'Santa Marta' into donde se escribe el nombre de la ciudad, Julian enters ARROW_DOWN into donde se escribe el nombre de la ciudad, Julian enters ENTER into donde se escribe el nombre de la ciudad, Julian enters '763022' into donde se escribe el codigo postal, Julian clicks on boton que muestra el paso tres del formulario]], And he fill in the fields in Step three
| strMobilDevice | strModel | strOs |
| Motorola | Moto E7 Plus | Android 10 | [Julian step three [Julian clicks on donde se selecciona la lista de marcas dispositivos movil, Julian enters 'Motorola' then hits [ENTER] into donde se escribe el nombre de la marca del dispositivo movil, Julian clicks on donde selecciona el modelo del dispositivo movil, Julian enters 'Moto E7 Plus' then hits [ENTER] into donde se escribe el modelo del dispositivo movil, Julian clicks on donde selecciona el nombre del Sistema Operativo, Julian enters 'Android 10' then hits [ENTER] into donde se escribe el nombre del Sistema Operativo, Julian clicks on boton que muestra el paso cuatro del formulario]]]
[Test worker] WARN net.thucydides.core.steps.BaseStepListener - stepFinished: current outcome:register a user in the uTest community:Example: {strFirstName=Julian Eduardo, strLastName=Avila Tascon, strEmail=ludev@gmail.com, strBirthMonth=March, strBirthDay=26, strBirthYear=1984, strLanguage=Spanish, strCity=Santa Marta, strZip=763022, strMobilDevice=Motorola, strModel=Moto E7 Plus, strOs=Android 10, strPassword=Choucair2021*, strPaswordConfirm=Choucair2021*, strMessage=Welcome to the world's largest community of freelance software testers!} [Given Julian enters the Join today option [Julian open up [Julian opens the Utest page], Julian sign up [Julian clicks on boton que nos muestra el formulario de inscripcion]], When he fill in the form fields in Step one
| strFirstName | strLastName | strEmail | strBirthMonth | strBirthDay | strBirthYear | strLanguage |
| Julian Eduardo | Avila Tascon | ludev@gmail.com | March | 26 | 1984 | Spanish | [Julian step one [Julian enters 'Julian Eduardo' into donde se escribe el nombre, Julian enters 'Avila Tascon' into donde se escribe el apellido, Julian enters 'ludev@gmail.com' into donde se escribe el correo electronico, Julian select March on donde se escribe el mes de nacimiento, Julian select 26 on donde se escribe el dia de nacimiento, Julian select 1984 on donde se escribe el aÃ±o del nacimiento, Julian enters 'Spanish' then hits [ENTER] into donde se escribe el idioma que habla, Julian clicks on boton que muestra el paso dos del formulario]], And he fill in the fields in Step two
| strCity | strZip |
| Santa Marta | 763022 | [Julian step two [Julian enters 'Santa Marta' into donde se escribe el nombre de la ciudad, Julian enters ARROW_DOWN into donde se escribe el nombre de la ciudad, Julian enters ENTER into donde se escribe el nombre de la ciudad, Julian enters '763022' into donde se escribe el codigo postal, Julian clicks on boton que muestra el paso tres del formulario]], And he fill in the fields in Step three
| strMobilDevice | strModel | strOs |
| Motorola | Moto E7 Plus | Android 10 | [Julian step three [Julian clicks on donde se selecciona la lista de marcas dispositivos movil, Julian enters 'Motorola' then hits [ENTER] into donde se escribe el nombre de la marca del dispositivo movil, Julian clicks on donde selecciona el modelo del dispositivo movil, Julian enters 'Moto E7 Plus' then hits [ENTER] into donde se escribe el modelo del dispositivo movil, Julian clicks on donde selecciona el nombre del Sistema Operativo, Julian enters 'Android 10' then hits [ENTER] into donde se escribe el nombre del Sistema Operativo, Julian clicks on boton que muestra el paso cuatro del formulario]]]
[Test worker] WARN net.thucydides.core.steps.BaseStepListener - stepFinished: current outcome:register a user in the uTest community:Example: {strFirstName=Julian Eduardo, strLastName=Avila Tascon, strEmail=ludev@gmail.com, strBirthMonth=March, strBirthDay=26, strBirthYear=1984, strLanguage=Spanish, strCity=Santa Marta, strZip=763022, strMobilDevice=Motorola, strModel=Moto E7 Plus, strOs=Android 10, strPassword=Choucair2021*, strPaswordConfirm=Choucair2021*, strMessage=Welcome to the world's largest community of freelance software testers!} [Given Julian enters the Join today option [Julian open up [Julian opens the Utest page], Julian sign up [Julian clicks on boton que nos muestra el formulario de inscripcion]], When he fill in the form fields in Step one
| strFirstName | strLastName | strEmail | strBirthMonth | strBirthDay | strBirthYear | strLanguage |
| Julian Eduardo | Avila Tascon | ludev@gmail.com | March | 26 | 1984 | Spanish | [Julian step one [Julian enters 'Julian Eduardo' into donde se escribe el nombre, Julian enters 'Avila Tascon' into donde se escribe el apellido, Julian enters 'ludev@gmail.com' into donde se escribe el correo electronico, Julian select March on donde se escribe el mes de nacimiento, Julian select 26 on donde se escribe el dia de nacimiento, Julian select 1984 on donde se escribe el aÃ±o del nacimiento, Julian enters 'Spanish' then hits [ENTER] into donde se escribe el idioma que habla, Julian clicks on boton que muestra el paso dos del formulario]], And he fill in the fields in Step two
| strCity | strZip |
| Santa Marta | 763022 | [Julian step two [Julian enters 'Santa Marta' into donde se escribe el nombre de la ciudad, Julian enters ARROW_DOWN into donde se escribe el nombre de la ciudad, Julian enters ENTER into donde se escribe el nombre de la ciudad, Julian enters '763022' into donde se escribe el codigo postal, Julian clicks on boton que muestra el paso tres del formulario]], And he fill in the fields in Step three
| strMobilDevice | strModel | strOs |
| Motorola | Moto E7 Plus | Android 10 | [Julian step three [Julian clicks on donde se selecciona la lista de marcas dispositivos movil, Julian enters 'Motorola' then hits [ENTER] into donde se escribe el nombre de la marca del dispositivo movil, Julian clicks on donde selecciona el modelo del dispositivo movil, Julian enters 'Moto E7 Plus' then hits [ENTER] into donde se escribe el modelo del dispositivo movil, Julian clicks on donde selecciona el nombre del Sistema Operativo, Julian enters 'Android 10' then hits [ENTER] into donde se escribe el nombre del Sistema Operativo, Julian clicks on boton que muestra el paso cuatro del formulario]]]
[Test worker] WARN net.thucydides.core.steps.BaseStepListener - stepStarted: net.thucydides.core.steps.ExecutedStepDescription@3ef4b33a
[Test worker] WARN net.thucydides.core.steps.BaseStepListener - stepStarted: net.thucydides.core.steps.ExecutedStepDescription@48fafd40
[Test worker] WARN net.thucydides.core.steps.BaseStepListener - stepStarted: net.thucydides.core.steps.ExecutedStepDescription@7be0ade3
[Test worker] WARN net.thucydides.core.steps.BaseStepListener - stepFinished: current outcome:register a user in the uTest community:Example: {strFirstName=Julian Eduardo, strLastName=Avila Tascon, strEmail=ludev@gmail.com, strBirthMonth=March, strBirthDay=26, strBirthYear=1984, strLanguage=Spanish, strCity=Santa Marta, strZip=763022, strMobilDevice=Motorola, strModel=Moto E7 Plus, strOs=Android 10, strPassword=Choucair2021*, strPaswordConfirm=Choucair2021*, strMessage=Welcome to the world's largest community of freelance software testers!} [Given Julian enters the Join today option [Julian open up [Julian opens the Utest page], Julian sign up [Julian clicks on boton que nos muestra el formulario de inscripcion]], When he fill in the form fields in Step one
| strFirstName | strLastName | strEmail | strBirthMonth | strBirthDay | strBirthYear | strLanguage |
| Julian Eduardo | Avila Tascon | ludev@gmail.com | March | 26 | 1984 | Spanish | [Julian step one [Julian enters 'Julian Eduardo' into donde se escribe el nombre, Julian enters 'Avila Tascon' into donde se escribe el apellido, Julian enters 'ludev@gmail.com' into donde se escribe el correo electronico, Julian select March on donde se escribe el mes de nacimiento, Julian select 26 on donde se escribe el dia de nacimiento, Julian select 1984 on donde se escribe el aÃ±o del nacimiento, Julian enters 'Spanish' then hits [ENTER] into donde se escribe el idioma que habla, Julian clicks on boton que muestra el paso dos del formulario]], And he fill in the fields in Step two
| strCity | strZip |
| Santa Marta | 763022 | [Julian step two [Julian enters 'Santa Marta' into donde se escribe el nombre de la ciudad, Julian enters ARROW_DOWN into donde se escribe el nombre de la ciudad, Julian enters ENTER into donde se escribe el nombre de la ciudad, Julian enters '763022' into donde se escribe el codigo postal, Julian clicks on boton que muestra el paso tres del formulario]], And he fill in the fields in Step three
| strMobilDevice | strModel | strOs |
| Motorola | Moto E7 Plus | Android 10 | [Julian step three [Julian clicks on donde se selecciona la lista de marcas dispositivos movil, Julian enters 'Motorola' then hits [ENTER] into donde se escribe el nombre de la marca del dispositivo movil, Julian clicks on donde selecciona el modelo del dispositivo movil, Julian enters 'Moto E7 Plus' then hits [ENTER] into donde se escribe el modelo del dispositivo movil, Julian clicks on donde selecciona el nombre del Sistema Operativo, Julian enters 'Android 10' then hits [ENTER] into donde se escribe el nombre del Sistema Operativo, Julian clicks on boton que muestra el paso cuatro del formulario]], And he fill in the fields in Step four
| strPassword | strPaswordConfirm |
| Choucair2021* | Choucair2021* | [Julian step four [Julian enters 'Choucair2021*' into donde se escribe el password]]]
[Test worker] WARN net.thucydides.core.steps.BaseStepListener - stepStarted: net.thucydides.core.steps.ExecutedStepDescription@79c4a034
[Test worker] WARN net.thucydides.core.steps.BaseStepListener - stepFinished: current outcome:register a user in the uTest community:Example: {strFirstName=Julian Eduardo, strLastName=Avila Tascon, strEmail=ludev@gmail.com, strBirthMonth=March, strBirthDay=26, strBirthYear=1984, strLanguage=Spanish, strCity=Santa Marta, strZip=763022, strMobilDevice=Motorola, strModel=Moto E7 Plus, strOs=Android 10, strPassword=Choucair2021*, strPaswordConfirm=Choucair2021*, strMessage=Welcome to the world's largest community of freelance software testers!} [Given Julian enters the Join today option [Julian open up [Julian opens the Utest page], Julian sign up [Julian clicks on boton que nos muestra el formulario de inscripcion]], When he fill in the form fields in Step one
| strFirstName | strLastName | strEmail | strBirthMonth | strBirthDay | strBirthYear | strLanguage |
| Julian Eduardo | Avila Tascon | ludev@gmail.com | March | 26 | 1984 | Spanish | [Julian step one [Julian enters 'Julian Eduardo' into donde se escribe el nombre, Julian enters 'Avila Tascon' into donde se escribe el apellido, Julian enters 'ludev@gmail.com' into donde se escribe el correo electronico, Julian select March on donde se escribe el mes de nacimiento, Julian select 26 on donde se escribe el dia de nacimiento, Julian select 1984 on donde se escribe el aÃ±o del nacimiento, Julian enters 'Spanish' then hits [ENTER] into donde se escribe el idioma que habla, Julian clicks on boton que muestra el paso dos del formulario]], And he fill in the fields in Step two
| strCity | strZip |
| Santa Marta | 763022 | [Julian step two [Julian enters 'Santa Marta' into donde se escribe el nombre de la ciudad, Julian enters ARROW_DOWN into donde se escribe el nombre de la ciudad, Julian enters ENTER into donde se escribe el nombre de la ciudad, Julian enters '763022' into donde se escribe el codigo postal, Julian clicks on boton que muestra el paso tres del formulario]], And he fill in the fields in Step three
| strMobilDevice | strModel | strOs |
| Motorola | Moto E7 Plus | Android 10 | [Julian step three [Julian clicks on donde se selecciona la lista de marcas dispositivos movil, Julian enters 'Motorola' then hits [ENTER] into donde se escribe el nombre de la marca del dispositivo movil, Julian clicks on donde selecciona el modelo del dispositivo movil, Julian enters 'Moto E7 Plus' then hits [ENTER] into donde se escribe el modelo del dispositivo movil, Julian clicks on donde selecciona el nombre del Sistema Operativo, Julian enters 'Android 10' then hits [ENTER] into donde se escribe el nombre del Sistema Operativo, Julian clicks on boton que muestra el paso cuatro del formulario]], And he fill in the fields in Step four
| strPassword | strPaswordConfirm |
| Choucair2021* | Choucair2021* | [Julian step four [Julian enters 'Choucair2021*' into donde se escribe el password, Julian enters 'Choucair2021*' into donde se escribe nuevamente el password para confirmar]]]
[Test worker] WARN net.thucydides.core.steps.BaseStepListener - stepStarted: net.thucydides.core.steps.ExecutedStepDescription@34717062
[Test worker] WARN net.thucydides.core.steps.BaseStepListener - stepFinished: current outcome:register a user in the uTest community:Example: {strFirstName=Julian Eduardo, strLastName=Avila Tascon, strEmail=ludev@gmail.com, strBirthMonth=March, strBirthDay=26, strBirthYear=1984, strLanguage=Spanish, strCity=Santa Marta, strZip=763022, strMobilDevice=Motorola, strModel=Moto E7 Plus, strOs=Android 10, strPassword=Choucair2021*, strPaswordConfirm=Choucair2021*, strMessage=Welcome to the world's largest community of freelance software testers!} [Given Julian enters the Join today option [Julian open up [Julian opens the Utest page], Julian sign up [Julian clicks on boton que nos muestra el formulario de inscripcion]], When he fill in the form fields in Step one
| strFirstName | strLastName | strEmail | strBirthMonth | strBirthDay | strBirthYear | strLanguage |
| Julian Eduardo | Avila Tascon | ludev@gmail.com | March | 26 | 1984 | Spanish | [Julian step one [Julian enters 'Julian Eduardo' into donde se escribe el nombre, Julian enters 'Avila Tascon' into donde se escribe el apellido, Julian enters 'ludev@gmail.com' into donde se escribe el correo electronico, Julian select March on donde se escribe el mes de nacimiento, Julian select 26 on donde se escribe el dia de nacimiento, Julian select 1984 on donde se escribe el aÃ±o del nacimiento, Julian enters 'Spanish' then hits [ENTER] into donde se escribe el idioma que habla, Julian clicks on boton que muestra el paso dos del formulario]], And he fill in the fields in Step two
| strCity | strZip |
| Santa Marta | 763022 | [Julian step two [Julian enters 'Santa Marta' into donde se escribe el nombre de la ciudad, Julian enters ARROW_DOWN into donde se escribe el nombre de la ciudad, Julian enters ENTER into donde se escribe el nombre de la ciudad, Julian enters '763022' into donde se escribe el codigo postal, Julian clicks on boton que muestra el paso tres del formulario]], And he fill in the fields in Step three
| strMobilDevice | strModel | strOs |
| Motorola | Moto E7 Plus | Android 10 | [Julian step three [Julian clicks on donde se selecciona la lista de marcas dispositivos movil, Julian enters 'Motorola' then hits [ENTER] into donde se escribe el nombre de la marca del dispositivo movil, Julian clicks on donde selecciona el modelo del dispositivo movil, Julian enters 'Moto E7 Plus' then hits [ENTER] into donde se escribe el modelo del dispositivo movil, Julian clicks on donde selecciona el nombre del Sistema Operativo, Julian enters 'Android 10' then hits [ENTER] into donde se escribe el nombre del Sistema Operativo, Julian clicks on boton que muestra el paso cuatro del formulario]], And he fill in the fields in Step four
| strPassword | strPaswordConfirm |
| Choucair2021* | Choucair2021* | [Julian step four [Julian enters 'Choucair2021*' into donde se escribe el password, Julian enters 'Choucair2021*' into donde se escribe nuevamente el password para confirmar, Julian clicks on donde se chequea que acepta los terminos de uso]]]
[Test worker] WARN net.thucydides.core.steps.BaseStepListener - stepStarted: net.thucydides.core.steps.ExecutedStepDescription@427f344d
[Test worker] WARN net.thucydides.core.steps.BaseStepListener - stepFinished: current outcome:register a user in the uTest community:Example: {strFirstName=Julian Eduardo, strLastName=Avila Tascon, strEmail=ludev@gmail.com, strBirthMonth=March, strBirthDay=26, strBirthYear=1984, strLanguage=Spanish, strCity=Santa Marta, strZip=763022, strMobilDevice=Motorola, strModel=Moto E7 Plus, strOs=Android 10, strPassword=Choucair2021*, strPaswordConfirm=Choucair2021*, strMessage=Welcome to the world's largest community of freelance software testers!} [Given Julian enters the Join today option [Julian open up [Julian opens the Utest page], Julian sign up [Julian clicks on boton que nos muestra el formulario de inscripcion]], When he fill in the form fields in Step one
| strFirstName | strLastName | strEmail | strBirthMonth | strBirthDay | strBirthYear | strLanguage |
| Julian Eduardo | Avila Tascon | ludev@gmail.com | March | 26 | 1984 | Spanish | [Julian step one [Julian enters 'Julian Eduardo' into donde se escribe el nombre, Julian enters 'Avila Tascon' into donde se escribe el apellido, Julian enters 'ludev@gmail.com' into donde se escribe el correo electronico, Julian select March on donde se escribe el mes de nacimiento, Julian select 26 on donde se escribe el dia de nacimiento, Julian select 1984 on donde se escribe el aÃ±o del nacimiento, Julian enters 'Spanish' then hits [ENTER] into donde se escribe el idioma que habla, Julian clicks on boton que muestra el paso dos del formulario]], And he fill in the fields in Step two
| strCity | strZip |
| Santa Marta | 763022 | [Julian step two [Julian enters 'Santa Marta' into donde se escribe el nombre de la ciudad, Julian enters ARROW_DOWN into donde se escribe el nombre de la ciudad, Julian enters ENTER into donde se escribe el nombre de la ciudad, Julian enters '763022' into donde se escribe el codigo postal, Julian clicks on boton que muestra el paso tres del formulario]], And he fill in the fields in Step three
| strMobilDevice | strModel | strOs |
| Motorola | Moto E7 Plus | Android 10 | [Julian step three [Julian clicks on donde se selecciona la lista de marcas dispositivos movil, Julian enters 'Motorola' then hits [ENTER] into donde se escribe el nombre de la marca del dispositivo movil, Julian clicks on donde selecciona el modelo del dispositivo movil, Julian enters 'Moto E7 Plus' then hits [ENTER] into donde se escribe el modelo del dispositivo movil, Julian clicks on donde selecciona el nombre del Sistema Operativo, Julian enters 'Android 10' then hits [ENTER] into donde se escribe el nombre del Sistema Operativo, Julian clicks on boton que muestra el paso cuatro del formulario]], And he fill in the fields in Step four
| strPassword | strPaswordConfirm |
| Choucair2021* | Choucair2021* | [Julian step four [Julian enters 'Choucair2021*' into donde se escribe el password, Julian enters 'Choucair2021*' into donde se escribe nuevamente el password para confirmar, Julian clicks on donde se chequea que acepta los terminos de uso, Julian clicks on donde se chequea que acepta las politicas de seguridad y privacidad]]]
[Test worker] WARN net.thucydides.core.steps.BaseStepListener - stepStarted: net.thucydides.core.steps.ExecutedStepDescription@38b0e044
[Test worker] WARN net.thucydides.core.steps.BaseStepListener - stepFinished: current outcome:register a user in the uTest community:Example: {strFirstName=Julian Eduardo, strLastName=Avila Tascon, strEmail=ludev@gmail.com, strBirthMonth=March, strBirthDay=26, strBirthYear=1984, strLanguage=Spanish, strCity=Santa Marta, strZip=763022, strMobilDevice=Motorola, strModel=Moto E7 Plus, strOs=Android 10, strPassword=Choucair2021*, strPaswordConfirm=Choucair2021*, strMessage=Welcome to the world's largest community of freelance software testers!} [Given Julian enters the Join today option [Julian open up [Julian opens the Utest page], Julian sign up [Julian clicks on boton que nos muestra el formulario de inscripcion]], When he fill in the form fields in Step one
| strFirstName | strLastName | strEmail | strBirthMonth | strBirthDay | strBirthYear | strLanguage |
| Julian Eduardo | Avila Tascon | ludev@gmail.com | March | 26 | 1984 | Spanish | [Julian step one [Julian enters 'Julian Eduardo' into donde se escribe el nombre, Julian enters 'Avila Tascon' into donde se escribe el apellido, Julian enters 'ludev@gmail.com' into donde se escribe el correo electronico, Julian select March on donde se escribe el mes de nacimiento, Julian select 26 on donde se escribe el dia de nacimiento, Julian select 1984 on donde se escribe el aÃ±o del nacimiento, Julian enters 'Spanish' then hits [ENTER] into donde se escribe el idioma que habla, Julian clicks on boton que muestra el paso dos del formulario]], And he fill in the fields in Step two
| strCity | strZip |
| Santa Marta | 763022 | [Julian step two [Julian enters 'Santa Marta' into donde se escribe el nombre de la ciudad, Julian enters ARROW_DOWN into donde se escribe el nombre de la ciudad, Julian enters ENTER into donde se escribe el nombre de la ciudad, Julian enters '763022' into donde se escribe el codigo postal, Julian clicks on boton que muestra el paso tres del formulario]], And he fill in the fields in Step three
| strMobilDevice | strModel | strOs |
| Motorola | Moto E7 Plus | Android 10 | [Julian step three [Julian clicks on donde se selecciona la lista de marcas dispositivos movil, Julian enters 'Motorola' then hits [ENTER] into donde se escribe el nombre de la marca del dispositivo movil, Julian clicks on donde selecciona el modelo del dispositivo movil, Julian enters 'Moto E7 Plus' then hits [ENTER] into donde se escribe el modelo del dispositivo movil, Julian clicks on donde selecciona el nombre del Sistema Operativo, Julian enters 'Android 10' then hits [ENTER] into donde se escribe el nombre del Sistema Operativo, Julian clicks on boton que muestra el paso cuatro del formulario]], And he fill in the fields in Step four
| strPassword | strPaswordConfirm |
| Choucair2021* | Choucair2021* | [Julian step four [Julian enters 'Choucair2021*' into donde se escribe el password, Julian enters 'Choucair2021*' into donde se escribe nuevamente el password para confirmar, Julian clicks on donde se chequea que acepta los terminos de uso, Julian clicks on donde se chequea que acepta las politicas de seguridad y privacidad, Julian clicks on boton que muestra el mensaje de bienvenida al usuario registrado]]]
[Test worker] WARN net.thucydides.core.steps.BaseStepListener - stepFinished: current outcome:register a user in the uTest community:Example: {strFirstName=Julian Eduardo, strLastName=Avila Tascon, strEmail=ludev@gmail.com, strBirthMonth=March, strBirthDay=26, strBirthYear=1984, strLanguage=Spanish, strCity=Santa Marta, strZip=763022, strMobilDevice=Motorola, strModel=Moto E7 Plus, strOs=Android 10, strPassword=Choucair2021*, strPaswordConfirm=Choucair2021*, strMessage=Welcome to the world's largest community of freelance software testers!} [Given Julian enters the Join today option [Julian open up [Julian opens the Utest page], Julian sign up [Julian clicks on boton que nos muestra el formulario de inscripcion]], When he fill in the form fields in Step one
| strFirstName | strLastName | strEmail | strBirthMonth | strBirthDay | strBirthYear | strLanguage |
| Julian Eduardo | Avila Tascon | ludev@gmail.com | March | 26 | 1984 | Spanish | [Julian step one [Julian enters 'Julian Eduardo' into donde se escribe el nombre, Julian enters 'Avila Tascon' into donde se escribe el apellido, Julian enters 'ludev@gmail.com' into donde se escribe el correo electronico, Julian select March on donde se escribe el mes de nacimiento, Julian select 26 on donde se escribe el dia de nacimiento, Julian select 1984 on donde se escribe el aÃ±o del nacimiento, Julian enters 'Spanish' then hits [ENTER] into donde se escribe el idioma que habla, Julian clicks on boton que muestra el paso dos del formulario]], And he fill in the fields in Step two
| strCity | strZip |
| Santa Marta | 763022 | [Julian step two [Julian enters 'Santa Marta' into donde se escribe el nombre de la ciudad, Julian enters ARROW_DOWN into donde se escribe el nombre de la ciudad, Julian enters ENTER into donde se escribe el nombre de la ciudad, Julian enters '763022' into donde se escribe el codigo postal, Julian clicks on boton que muestra el paso tres del formulario]], And he fill in the fields in Step three
| strMobilDevice | strModel | strOs |
| Motorola | Moto E7 Plus | Android 10 | [Julian step three [Julian clicks on donde se selecciona la lista de marcas dispositivos movil, Julian enters 'Motorola' then hits [ENTER] into donde se escribe el nombre de la marca del dispositivo movil, Julian clicks on donde selecciona el modelo del dispositivo movil, Julian enters 'Moto E7 Plus' then hits [ENTER] into donde se escribe el modelo del dispositivo movil, Julian clicks on donde selecciona el nombre del Sistema Operativo, Julian enters 'Android 10' then hits [ENTER] into donde se escribe el nombre del Sistema Operativo, Julian clicks on boton que muestra el paso cuatro del formulario]], And he fill in the fields in Step four
| strPassword | strPaswordConfirm |
| Choucair2021* | Choucair2021* | [Julian step four [Julian enters 'Choucair2021*' into donde se escribe el password, Julian enters 'Choucair2021*' into donde se escribe nuevamente el password para confirmar, Julian clicks on donde se chequea que acepta los terminos de uso, Julian clicks on donde se chequea que acepta las politicas de seguridad y privacidad, Julian clicks on boton que muestra el mensaje de bienvenida al usuario registrado]]]
[Test worker] WARN net.thucydides.core.steps.BaseStepListener - stepFinished: current outcome:register a user in the uTest community:Example: {strFirstName=Julian Eduardo, strLastName=Avila Tascon, strEmail=ludev@gmail.com, strBirthMonth=March, strBirthDay=26, strBirthYear=1984, strLanguage=Spanish, strCity=Santa Marta, strZip=763022, strMobilDevice=Motorola, strModel=Moto E7 Plus, strOs=Android 10, strPassword=Choucair2021*, strPaswordConfirm=Choucair2021*, strMessage=Welcome to the world's largest community of freelance software testers!} [Given Julian enters the Join today option [Julian open up [Julian opens the Utest page], Julian sign up [Julian clicks on boton que nos muestra el formulario de inscripcion]], When he fill in the form fields in Step one
| strFirstName | strLastName | strEmail | strBirthMonth | strBirthDay | strBirthYear | strLanguage |
| Julian Eduardo | Avila Tascon | ludev@gmail.com | March | 26 | 1984 | Spanish | [Julian step one [Julian enters 'Julian Eduardo' into donde se escribe el nombre, Julian enters 'Avila Tascon' into donde se escribe el apellido, Julian enters 'ludev@gmail.com' into donde se escribe el correo electronico, Julian select March on donde se escribe el mes de nacimiento, Julian select 26 on donde se escribe el dia de nacimiento, Julian select 1984 on donde se escribe el aÃ±o del nacimiento, Julian enters 'Spanish' then hits [ENTER] into donde se escribe el idioma que habla, Julian clicks on boton que muestra el paso dos del formulario]], And he fill in the fields in Step two
| strCity | strZip |
| Santa Marta | 763022 | [Julian step two [Julian enters 'Santa Marta' into donde se escribe el nombre de la ciudad, Julian enters ARROW_DOWN into donde se escribe el nombre de la ciudad, Julian enters ENTER into donde se escribe el nombre de la ciudad, Julian enters '763022' into donde se escribe el codigo postal, Julian clicks on boton que muestra el paso tres del formulario]], And he fill in the fields in Step three
| strMobilDevice | strModel | strOs |
| Motorola | Moto E7 Plus | Android 10 | [Julian step three [Julian clicks on donde se selecciona la lista de marcas dispositivos movil, Julian enters 'Motorola' then hits [ENTER] into donde se escribe el nombre de la marca del dispositivo movil, Julian clicks on donde selecciona el modelo del dispositivo movil, Julian enters 'Moto E7 Plus' then hits [ENTER] into donde se escribe el modelo del dispositivo movil, Julian clicks on donde selecciona el nombre del Sistema Operativo, Julian enters 'Android 10' then hits [ENTER] into donde se escribe el nombre del Sistema Operativo, Julian clicks on boton que muestra el paso cuatro del formulario]], And he fill in the fields in Step four
| strPassword | strPaswordConfirm |
[...]
| Julian Eduardo | Avila Tascon | ludev@gmail.com | March | 26 | 1984 | Spanish | [Julian step one [Julian enters 'Julian Eduardo' into donde se escribe el nombre, Julian enters 'Avila Tascon' into donde se escribe el apellido, Julian enters 'ludev@gmail.com' into donde se escribe el correo electronico, Julian select March on donde se escribe el mes de nacimiento, Julian select 26 on donde se escribe el dia de nacimiento, Julian select 1984 on donde se escribe el aÃ±o del nacimiento, Julian enters 'Spanish' then hits [ENTER] into donde se escribe el idioma que habla, Julian clicks on boton que muestra el paso dos del formulario]], And he fill in the fields in Step two
| strCity | strZip |
| Santa Marta | 763022 | [Julian step two [Julian enters 'Santa Marta' into donde se escribe el nombre de la ciudad, Julian enters ARROW_DOWN into donde se escribe el nombre de la ciudad, Julian enters ENTER into donde se escribe el nombre de la ciudad, Julian enters '763022' into donde se escribe el codigo postal, Julian clicks on boton que muestra el paso tres del formulario]], And he fill in the fields in Step three
| strMobilDevice | strModel | strOs |
| Motorola | Moto E7 Plus | Android 10 | [Julian step three [Julian clicks on donde se selecciona la lista de marcas dispositivos movil, Julian enters 'Motorola' then hits [ENTER] into donde se escribe el nombre de la marca del dispositivo movil, Julian clicks on donde selecciona el modelo del dispositivo movil, Julian enters 'Moto E7 Plus' then hits [ENTER] into donde se escribe el modelo del dispositivo movil, Julian clicks on donde selecciona el nombre del Sistema Operativo, Julian enters 'Android 10' then hits [ENTER] into donde se escribe el nombre del Sistema Operativo, Julian clicks on boton que muestra el paso cuatro del formulario]], And he fill in the fields in Step four
| strPassword | strPaswordConfirm |
| Choucair2021* | Choucair2021* | [Julian step four [Julian enters 'Choucair2021*' into donde se escribe el password, Julian enters 'Choucair2021*' into donde se escribe nuevamente el password para confirmar, Julian clicks on donde se chequea que acepta los terminos de uso, Julian clicks on donde se chequea que acepta las politicas de seguridad y privacidad, Julian clicks on boton que muestra el mensaje de bienvenida al usuario registrado]], Then julian receives a welcome message to the uTest community
| strMessage |
| Welcome to the world's largest community of freelance software testers! | [Then answer]]
[Test worker] WARN net.thucydides.core.steps.BaseStepListener - stepFinished: current outcome:register a user in the uTest community:Example: {strFirstName=Julian Eduardo, strLastName=Avila Tascon, strEmail=ludev@gmail.com, strBirthMonth=March, strBirthDay=26, strBirthYear=1984, strLanguage=Spanish, strCity=Santa Marta, strZip=763022, strMobilDevice=Motorola, strModel=Moto E7 Plus, strOs=Android 10, strPassword=Choucair2021*, strPaswordConfirm=Choucair2021*, strMessage=Welcome to the world's largest community of freelance software testers!} [Given Julian enters the Join today option [Julian open up [Julian opens the Utest page], Julian sign up [Julian clicks on boton que nos muestra el formulario de inscripcion]], When he fill in the form fields in Step one
| strFirstName | strLastName | strEmail | strBirthMonth | strBirthDay | strBirthYear | strLanguage |
| Julian Eduardo | Avila Tascon | ludev@gmail.com | March | 26 | 1984 | Spanish | [Julian step one [Julian enters 'Julian Eduardo' into donde se escribe el nombre, Julian enters 'Avila Tascon' into donde se escribe el apellido, Julian enters 'ludev@gmail.com' into donde se escribe el correo electronico, Julian select March on donde se escribe el mes de nacimiento, Julian select 26 on donde se escribe el dia de nacimiento, Julian select 1984 on donde se escribe el aÃ±o del nacimiento, Julian enters 'Spanish' then hits [ENTER] into donde se escribe el idioma que habla, Julian clicks on boton que muestra el paso dos del formulario]], And he fill in the fields in Step two
| strCity | strZip |
| Santa Marta | 763022 | [Julian step two [Julian enters 'Santa Marta' into donde se escribe el nombre de la ciudad, Julian enters ARROW_DOWN into donde se escribe el nombre de la ciudad, Julian enters ENTER into donde se escribe el nombre de la ciudad, Julian enters '763022' into donde se escribe el codigo postal, Julian clicks on boton que muestra el paso tres del formulario]], And he fill in the fields in Step three
| strMobilDevice | strModel | strOs |
| Motorola | Moto E7 Plus | Android 10 | [Julian step three [Julian clicks on donde se selecciona la lista de marcas dispositivos movil, Julian enters 'Motorola' then hits [ENTER] into donde se escribe el nombre de la marca del dispositivo movil, Julian clicks on donde selecciona el modelo del dispositivo movil, Julian enters 'Moto E7 Plus' then hits [ENTER] into donde se escribe el modelo del dispositivo movil, Julian clicks on donde selecciona el nombre del Sistema Operativo, Julian enters 'Android 10' then hits [ENTER] into donde se escribe el nombre del Sistema Operativo, Julian clicks on boton que muestra el paso cuatro del formulario]], And he fill in the fields in Step four
| strPassword | strPaswordConfirm |
| Choucair2021* | Choucair2021* | [Julian step four [Julian enters 'Choucair2021*' into donde se escribe el password, Julian enters 'Choucair2021*' into donde se escribe nuevamente el password para confirmar, Julian clicks on donde se chequea que acepta los terminos de uso, Julian clicks on donde se chequea que acepta las politicas de seguridad y privacidad, Julian clicks on boton que muestra el mensaje de bienvenida al usuario registrado]], Then julian receives a welcome message to the uTest community
| strMessage |
| Welcome to the world's largest community of freelance software testers! | [Then answer]]
[Test worker] WARN net.thucydides.core.steps.BaseStepListener - stepFinished: current outcome:register a user in the uTest community:Example: {strFirstName=Julian Eduardo, strLastName=Avila Tascon, strEmail=ludev@gmail.com, strBirthMonth=March, strBirthDay=26, strBirthYear=1984, strLanguage=Spanish, strCity=Santa Marta, strZip=763022, strMobilDevice=Motorola, strModel=Moto E7 Plus, strOs=Android 10, strPassword=Choucair2021*, strPaswordConfirm=Choucair2021*, strMessage=Welcome to the world's largest community of freelance software testers!} [Given Julian enters the Join today option [Julian open up [Julian opens the Utest page], Julian sign up [Julian clicks on boton que nos muestra el formulario de inscripcion]], When he fill in the form fields in Step one
| strFirstName | strLastName | strEmail | strBirthMonth | strBirthDay | strBirthYear | strLanguage |
| Julian Eduardo | Avila Tascon | ludev@gmail.com | March | 26 | 1984 | Spanish | [Julian step one [Julian enters 'Julian Eduardo' into donde se escribe el nombre, Julian enters 'Avila Tascon' into donde se escribe el apellido, Julian enters 'ludev@gmail.com' into donde se escribe el correo electronico, Julian select March on donde se escribe el mes de nacimiento, Julian select 26 on donde se escribe el dia de nacimiento, Julian select 1984 on donde se escribe el aÃ±o del nacimiento, Julian enters 'Spanish' then hits [ENTER] into donde se escribe el idioma que habla, Julian clicks on boton que muestra el paso dos del formulario]], And he fill in the fields in Step two
| strCity | strZip |
| Santa Marta | 763022 | [Julian step two [Julian enters 'Santa Marta' into donde se escribe el nombre de la ciudad, Julian enters ARROW_DOWN into donde se escribe el nombre de la ciudad, Julian enters ENTER into donde se escribe el nombre de la ciudad, Julian enters '763022' into donde se escribe el codigo postal, Julian clicks on boton que muestra el paso tres del formulario]], And he fill in the fields in Step three
| strMobilDevice | strModel | strOs |
| Motorola | Moto E7 Plus | Android 10 | [Julian step three [Julian clicks on donde se selecciona la lista de marcas dispositivos movil, Julian enters 'Motorola' then hits [ENTER] into donde se escribe el nombre de la marca del dispositivo movil, Julian clicks on donde selecciona el modelo del dispositivo movil, Julian enters 'Moto E7 Plus' then hits [ENTER] into donde se escribe el modelo del dispositivo movil, Julian clicks on donde selecciona el nombre del Sistema Operativo, Julian enters 'Android 10' then hits [ENTER] into donde se escribe el nombre del Sistema Operativo, Julian clicks on boton que muestra el paso cuatro del formulario]], And he fill in the fields in Step four
| strPassword | strPaswordConfirm |
| Choucair2021* | Choucair2021* | [Julian step four [Julian enters 'Choucair2021*' into donde se escribe el password, Julian enters 'Choucair2021*' into donde se escribe nuevamente el password para confirmar, Julian clicks on donde se chequea que acepta los terminos de uso, Julian clicks on donde se chequea que acepta las politicas de seguridad y privacidad, Julian clicks on boton que muestra el mensaje de bienvenida al usuario registrado]], Then julian receives a welcome message to the uTest community
| strMessage |
| Welcome to the world's largest community of freelance software testers! | [Then answer]]
[Test worker] WARN net.thucydides.core.steps.BaseStepListener - testFinished: register a user in the uTest community:Example: {strFirstName=Julian Eduardo, strLastName=Avila Tascon, strEmail=ludev@gmail.com, strBirthMonth=March, strBirthDay=26, strBirthYear=1984, strLanguage=Spanish, strCity=Santa Marta, strZip=763022, strMobilDevice=Motorola, strModel=Moto E7 Plus, strOs=Android 10, strPassword=Choucair2021*, strPaswordConfirm=Choucair2021*, strMessage=Welcome to the world's largest community of freelance software testers!} [Given Julian enters the Join today option [Julian open up [Julian opens the Utest page], Julian sign up [Julian clicks on boton que nos muestra el formulario de inscripcion]], When he fill in the form fields in Step one
| strFirstName | strLastName | strEmail | strBirthMonth | strBirthDay | strBirthYear | strLanguage |
| Julian Eduardo | Avila Tascon | ludev@gmail.com | March | 26 | 1984 | Spanish | [Julian step one [Julian enters 'Julian Eduardo' into donde se escribe el nombre, Julian enters 'Avila Tascon' into donde se escribe el apellido, Julian enters 'ludev@gmail.com' into donde se escribe el correo electronico, Julian select March on donde se escribe el mes de nacimiento, Julian select 26 on donde se escribe el dia de nacimiento, Julian select 1984 on donde se escribe el aÃ±o del nacimiento, Julian enters 'Spanish' then hits [ENTER] into donde se escribe el idioma que habla, Julian clicks on boton que muestra el paso dos del formulario]], And he fill in the fields in Step two
| strCity | strZip |
| Santa Marta | 763022 | [Julian step two [Julian enters 'Santa Marta' into donde se escribe el nombre de la ciudad, Julian enters ARROW_DOWN into donde se escribe el nombre de la ciudad, Julian enters ENTER into donde se escribe el nombre de la ciudad, Julian enters '763022' into donde se escribe el codigo postal, Julian clicks on boton que muestra el paso tres del formulario]], And he fill in the fields in Step three
| strMobilDevice | strModel | strOs |
| Motorola | Moto E7 Plus | Android 10 | [Julian step three [Julian clicks on donde se selecciona la lista de marcas dispositivos movil, Julian enters 'Motorola' then hits [ENTER] into donde se escribe el nombre de la marca del dispositivo movil, Julian clicks on donde selecciona el modelo del dispositivo movil, Julian enters 'Moto E7 Plus' then hits [ENTER] into donde se escribe el modelo del dispositivo movil, Julian clicks on donde selecciona el nombre del Sistema Operativo, Julian enters 'Android 10' then hits [ENTER] into donde se escribe el nombre del Sistema Operativo, Julian clicks on boton que muestra el paso cuatro del formulario]], And he fill in the fields in Step four
| strPassword | strPaswordConfirm |
| Choucair2021* | Choucair2021* | [Julian step four [Julian enters 'Choucair2021*' into donde se escribe el password, Julian enters 'Choucair2021*' into donde se escribe nuevamente el password para confirmar, Julian clicks on donde se chequea que acepta los terminos de uso, Julian clicks on donde se chequea que acepta las politicas de seguridad y privacidad, Julian clicks on boton que muestra el mensaje de bienvenida al usuario registrado]], Then julian receives a welcome message to the uTest community
| strMessage |
| Welcome to the world's largest community of freelance software testers! | [Then answer]]
[Test worker] WARN net.thucydides.core.steps.BaseStepListener - TestOutcomes: [register a user in the uTest community:Example: {strFirstName=Julian Eduardo, strLastName=Avila Tascon, strEmail=ludev@gmail.com, strBirthMonth=March, strBirthDay=26, strBirthYear=1984, strLanguage=Spanish, strCity=Santa Marta, strZip=763022, strMobilDevice=Motorola, strModel=Moto E7 Plus, strOs=Android 10, strPassword=Choucair2021*, strPaswordConfirm=Choucair2021*, strMessage=Welcome to the world's largest community of freelance software testers!} [Given Julian enters the Join today option [Julian open up [Julian opens the Utest page], Julian sign up [Julian clicks on boton que nos muestra el formulario de inscripcion]], When he fill in the form fields in Step one
| strFirstName | strLastName | strEmail | strBirthMonth | strBirthDay | strBirthYear | strLanguage |
| Julian Eduardo | Avila Tascon | ludev@gmail.com | March | 26 | 1984 | Spanish | [Julian step one [Julian enters 'Julian Eduardo' into donde se escribe el nombre, Julian enters 'Avila Tascon' into donde se escribe el apellido, Julian enters 'ludev@gmail.com' into donde se escribe el correo electronico, Julian select March on donde se escribe el mes de nacimiento, Julian select 26 on donde se escribe el dia de nacimiento, Julian select 1984 on donde se escribe el aÃ±o del nacimiento, Julian enters 'Spanish' then hits [ENTER] into donde se escribe el idioma que habla, Julian clicks on boton que muestra el paso dos del formulario]], And he fill in the fields in Step two
| strCity | strZip |
| Santa Marta | 763022 | [Julian step two [Julian enters 'Santa Marta' into donde se escribe el nombre de la ciudad, Julian enters ARROW_DOWN into donde se escribe el nombre de la ciudad, Julian enters ENTER into donde se escribe el nombre de la ciudad, Julian enters '763022' into donde se escribe el codigo postal, Julian clicks on boton que muestra el paso tres del formulario]], And he fill in the fields in Step three
| strMobilDevice | strModel | strOs |
| Motorola | Moto E7 Plus | Android 10 | [Julian step three [Julian clicks on donde se selecciona la lista de marcas dispositivos movil, Julian enters 'Motorola' then hits [ENTER] into donde se escribe el nombre de la marca del dispositivo movil, Julian clicks on donde selecciona el modelo del dispositivo movil, Julian enters 'Moto E7 Plus' then hits [ENTER] into donde se escribe el modelo del dispositivo movil, Julian clicks on donde selecciona el nombre del Sistema Operativo, Julian enters 'Android 10' then hits [ENTER] into donde se escribe el nombre del Sistema Operativo, Julian clicks on boton que muestra el paso cuatro del formulario]], And he fill in the fields in Step four
| strPassword | strPaswordConfirm |
| Choucair2021* | Choucair2021* | [Julian step four [Julian enters 'Choucair2021*' into donde se escribe el password, Julian enters 'Choucair2021*' into donde se escribe nuevamente el password para confirmar, Julian clicks on donde se chequea que acepta los terminos de uso, Julian clicks on donde se chequea que acepta las politicas de seguridad y privacidad, Julian clicks on boton que muestra el mensaje de bienvenida al usuario registrado]], Then julian receives a welcome message to the uTest community
| strMessage |
| Welcome to the world's largest community of freelance software testers! | [Then answer]]]
[Test worker] WARN net.thucydides.core.steps.BaseStepListener - Final testOutcomes: [register a user in the uTest community:Example: {strFirstName=Julian Eduardo, strLastName=Avila Tascon, strEmail=ludev@gmail.com, strBirthMonth=March, strBirthDay=26, strBirthYear=1984, strLanguage=Spanish, strCity=Santa Marta, strZip=763022, strMobilDevice=Motorola, strModel=Moto E7 Plus, strOs=Android 10, strPassword=Choucair2021*, strPaswordConfirm=Choucair2021*, strMessage=Welcome to the world's largest community of freelance software testers!} [Given Julian enters the Join today option [Julian open up [Julian opens the Utest page], Julian sign up [Julian clicks on boton que nos muestra el formulario de inscripcion]], When he fill in the form fields in Step one
| strFirstName | strLastName | strEmail | strBirthMonth | strBirthDay | strBirthYear | strLanguage |
| Julian Eduardo | Avila Tascon | ludev@gmail.com | March | 26 | 1984 | Spanish | [Julian step one [Julian enters 'Julian Eduardo' into donde se escribe el nombre, Julian enters 'Avila Tascon' into donde se escribe el apellido, Julian enters 'ludev@gmail.com' into donde se escribe el correo electronico, Julian select March on donde se escribe el mes de nacimiento, Julian select 26 on donde se escribe el dia de nacimiento, Julian select 1984 on donde se escribe el aÃ±o del nacimiento, Julian enters 'Spanish' then hits [ENTER] into donde se escribe el idioma que habla, Julian clicks on boton que muestra el paso dos del formulario]], And he fill in the fields in Step two
| strCity | strZip |
| Santa Marta | 763022 | [Julian step two [Julian enters 'Santa Marta' into donde se escribe el nombre de la ciudad, Julian enters ARROW_DOWN into donde se escribe el nombre de la ciudad, Julian enters ENTER into donde se escribe el nombre de la ciudad, Julian enters '763022' into donde se escribe el codigo postal, Julian clicks on boton que muestra el paso tres del formulario]], And he fill in the fields in Step three
| strMobilDevice | strModel | strOs |
| Motorola | Moto E7 Plus | Android 10 | [Julian step three [Julian clicks on donde se selecciona la lista de marcas dispositivos movil, Julian enters 'Motorola' then hits [ENTER] into donde se escribe el nombre de la marca del dispositivo movil, Julian clicks on donde selecciona el modelo del dispositivo movil, Julian enters 'Moto E7 Plus' then hits [ENTER] into donde se escribe el modelo del dispositivo movil, Julian clicks on donde selecciona el nombre del Sistema Operativo, Julian enters 'Android 10' then hits [ENTER] into donde se escribe el nombre del Sistema Operativo, Julian clicks on boton que muestra el paso cuatro del formulario]], And he fill in the fields in Step four
| strPassword | strPaswordConfirm |
| Choucair2021* | Choucair2021* | [Julian step four [Julian enters 'Choucair2021*' into donde se escribe el password, Julian enters 'Choucair2021*' into donde se escribe nuevamente el password para confirmar, Julian clicks on donde se chequea que acepta los terminos de uso, Julian clicks on donde se chequea que acepta las politicas de seguridad y privacidad, Julian clicks on boton que muestra el mensaje de bienvenida al usuario registrado]], Then julian receives a welcome message to the uTest community
| strMessage |
| Welcome to the world's largest community of freelance software testers! | [Then answer]]]
[Test worker] INFO net.thucydides.core.steps.ConsoleLoggingListener - 
        __    _____ _____ ____ _____   ____   _    ____  ____  _____ ____  
  _     \ \  |_   _| ____/ ___|_   _| |  _ \ / \  / ___|/ ___|| ____|  _ \ 
 (_)_____| |   | | |  _| \___ \ | |   | |_) / _ \ \___ \\___ \|  _| | | | |
  _|_____| |   | | | |___ ___) || |   |  __/ ___ \ ___) |___) | |___| |_| |
 (_)     | |   |_| |_____|____/ |_|   |_| /_/   \_\____/|____/|_____|____/ 
        /_/                                                                

TEST PASSED: register a user in the uTest community
----------------------------------------------------------------------------
]]></system-err>
</testsuite>
